#
# There is insufficient memory for the Java Runtime Environment to continue.
# Native memory allocation (mmap) failed to map 180355072 bytes. Error detail: G1 virtual space
# Possible reasons:
#   The system is out of physical RAM or swap space
#   This process is running with CompressedOops enabled, and the Java Heap may be blocking the growth of the native heap
# Possible solutions:
#   Reduce memory load on the system
#   Increase physical memory or swap space
#   Check if swap backing store is full
#   Decrease Java heap size (-Xmx/-Xms)
#   Decrease number of Java threads
#   Decrease Java thread stack sizes (-Xss)
#   Set larger code cache with -XX:ReservedCodeCacheSize=
#   JVM is running with Unscaled Compressed Oops mode in which the Java heap is
#     placed in the first 4GB address space. The Java Heap base address is the
#     maximum limit for the native heap growth. Please use -XX:HeapBaseMinAddress
#     to set the Java Heap base and to place the Java Heap above 4GB virtual address.
# This output file may be truncated or incomplete.
#
#  Out of Memory Error (os_windows.cpp:3679), pid=19916, tid=9396
#
# JRE version: OpenJDK Runtime Environment Microsoft-10376486 (17.0.13+11) (build 17.0.13+11-LTS)
# Java VM: OpenJDK 64-Bit Server VM Microsoft-10376486 (17.0.13+11-LTS, mixed mode, sharing, tiered, compressed oops, compressed class ptrs, g1 gc, windows-amd64)
# No core dump will be written. Minidumps are not enabled by default on client versions of Windows
#

---------------  S U M M A R Y ------------

Command Line: -XX:MaxMetaspaceSize=512m --add-opens=java.base/java.util=ALL-UNNAMED --add-opens=java.base/java.lang=ALL-UNNAMED --add-opens=java.base/java.lang.invoke=ALL-UNNAMED --add-opens=java.prefs/java.util.prefs=ALL-UNNAMED --add-exports=jdk.compiler/com.sun.tools.javac.api=ALL-UNNAMED --add-exports=jdk.compiler/com.sun.tools.javac.util=ALL-UNNAMED --add-opens=java.base/java.nio.charset=ALL-UNNAMED --add-opens=java.base/java.net=ALL-UNNAMED --add-opens=java.base/java.util.concurrent.atomic=ALL-UNNAMED -Xmx2048m -Dfile.encoding=windows-1252 -Duser.country=IN -Duser.language=en -Duser.variant -javaagent:C:\Users\hp\.gradle\wrapper\dists\gradle-8.10.2-all\7iv73wktx1xtkvlq19urqw1wm\gradle-8.10.2\lib\agents\gradle-instrumentation-agent-8.10.2.jar org.gradle.launcher.daemon.bootstrap.GradleDaemon 8.10.2

Host: Intel(R) Core(TM) i5-8365U CPU @ 1.60GHz, 8 cores, 7G,  Windows 11 , 64 bit Build 26100 (10.0.26100.2454)
Time: Mon Dec  9 16:18:14 2024 India Standard Time elapsed time: 16.597527 seconds (0d 0h 0m 16s)

---------------  T H R E A D  ---------------

Current thread (0x000002589b3896a0):  VMThread "VM Thread" [stack: 0x000000dfb6300000,0x000000dfb6400000] [id=9396]

Stack: [0x000000dfb6300000,0x000000dfb6400000]
Native frames: (J=compiled Java code, j=interpreted, Vv=VM code, C=native code)
V  [jvm.dll+0x687fc9]
V  [jvm.dll+0x83eeb8]
V  [jvm.dll+0x840963]
V  [jvm.dll+0x840fd3]
V  [jvm.dll+0x24951f]
V  [jvm.dll+0x684f89]
V  [jvm.dll+0x6794aa]
V  [jvm.dll+0x30ad27]
V  [jvm.dll+0x312296]
V  [jvm.dll+0x362bde]
V  [jvm.dll+0x362e1d]
V  [jvm.dll+0x2e1fbc]
V  [jvm.dll+0x2e0369]
V  [jvm.dll+0x2dfacc]
V  [jvm.dll+0x32267b]
V  [jvm.dll+0x84580d]
V  [jvm.dll+0x846543]
V  [jvm.dll+0x846a6f]
V  [jvm.dll+0x846e54]
V  [jvm.dll+0x846f1e]
V  [jvm.dll+0x7eea6c]
V  [jvm.dll+0x686ea7]
C  [ucrtbase.dll+0x14ea0]
C  [KERNEL32.DLL+0x2e8d7]
C  [ntdll.dll+0xdfbcc]

VM_Operation (0x000000dfb81fdef0): G1CollectForAllocation, mode: safepoint, requested by thread 0x00000258bc862940


---------------  P R O C E S S  ---------------

Threads class SMR info:
_java_thread_list=0x00000258c03c8bb0, length=136, elements={
0x00000258fce10280, 0x000002589b38fba0, 0x000002589b392680, 0x000002589b3aaaf0,
0x000002589b3ad3d0, 0x000002589b3adca0, 0x000002589b3ae570, 0x000002589b3af220,
0x000002589b3b4000, 0x000002589b3bc920, 0x000002589b3791d0, 0x000002589b655c50,
0x00000258bc1edb30, 0x00000258bb9083a0, 0x00000258bc4fa140, 0x00000258bc1808b0,
0x00000258bc37f030, 0x00000258bb3bdbf0, 0x00000258bb3bf540, 0x00000258bb3bf030,
0x00000258bb3be100, 0x00000258bb3be610, 0x00000258bb3beb20, 0x00000258bc8660f0,
0x00000258bc862940, 0x00000258bc8647a0, 0x00000258bc864290, 0x00000258bc863d80,
0x00000258bc8651c0, 0x00000258bc864cb0, 0x00000258bc8656d0, 0x00000258bc862e50,
0x00000258bc865be0, 0x00000258bc866b10, 0x00000258bc867020, 0x00000258bc867530,
0x00000258bc867f50, 0x00000258bc867a40, 0x00000258bc868970, 0x00000258bc868460,
0x00000258bc868e80, 0x00000258bc8698a0, 0x00000258bc869db0, 0x00000258bc86a2c0,
0x00000258bec203c0, 0x00000258bec1feb0, 0x00000258bec22730, 0x00000258bec1f9a0,
0x00000258bec22c40, 0x00000258bec208d0, 0x00000258bec1f490, 0x00000258bec23660,
0x00000258bec20de0, 0x00000258bec212f0, 0x00000258bec23150, 0x00000258bec23b70,
0x00000258bec24590, 0x00000258bec21d10, 0x00000258bec24080, 0x00000258bec24aa0,
0x00000258bec24fb0, 0x00000258bec21800, 0x00000258bec259d0, 0x00000258bec22220,
0x00000258bdf61ae0, 0x00000258bec26900, 0x00000258bec26e10, 0x00000258c05b3410,
0x00000258c05b1ac0, 0x00000258c05b29f0, 0x00000258c05b0680, 0x00000258c05b0170,
0x00000258c05b24e0, 0x00000258c05b15b0, 0x00000258c05afc60, 0x00000258c05b2f00,
0x00000258c05b3920, 0x00000258c05b3e30, 0x00000258c05b0b90, 0x00000258c05b4340,
0x00000258c05b4850, 0x00000258c05b5780, 0x00000258c05b4d60, 0x00000258c05b5270,
0x00000258c05b1fd0, 0x00000258c05b5c90, 0x00000258c05b61a0, 0x00000258c05b70d0,
0x00000258c05b10a0, 0x00000258c05b75e0, 0x00000258c05b66b0, 0x00000258c05b6bc0,
0x00000258bc9452c0, 0x00000258bc947630, 0x00000258bc9448a0, 0x00000258bc945ce0,
0x00000258bc947b40, 0x00000258bc9461f0, 0x00000258bc9457d0, 0x00000258bc946700,
0x00000258bc946c10, 0x00000258bc948050, 0x00000258bc948560, 0x00000258bc944db0,
0x00000258bc948a70, 0x00000258bc94a3c0, 0x00000258bc949eb0, 0x00000258bc947120,
0x00000258bc94a8d0, 0x00000258bc94ade0, 0x00000258bc948f80, 0x00000258bc94b2f0,
0x00000258bc949490, 0x00000258bc94b800, 0x00000258bc9499a0, 0x00000258bc94bd10,
0x00000258bc94c220, 0x00000258bd7b2460, 0x00000258bd7b3390, 0x00000258bd7b0600,
0x00000258bd7b1a40, 0x00000258bd7b00f0, 0x00000258bd7b2e80, 0x00000258bd7b0b10,
0x00000258bd7b2970, 0x00000258bd7b38a0, 0x00000258bd7b1f50, 0x00000258bd7b1530,
0x00000258bd7b42c0, 0x00000258bd7b6630, 0x00000258bd7b6b40, 0x00000258bd7b51f0,
0x00000258bd7b5700, 0x00000258bd7b7560, 0x00000258bd7b3db0, 0x00000258bd7b5c10
}

Java Threads: ( => current thread )
  0x00000258fce10280 JavaThread "main" [_thread_blocked, id=8260, stack(0x000000dfb5d00000,0x000000dfb5e00000)]
  0x000002589b38fba0 JavaThread "Reference Handler" daemon [_thread_blocked, id=23048, stack(0x000000dfb6400000,0x000000dfb6500000)]
  0x000002589b392680 JavaThread "Finalizer" daemon [_thread_blocked, id=22552, stack(0x000000dfb6500000,0x000000dfb6600000)]
  0x000002589b3aaaf0 JavaThread "Signal Dispatcher" daemon [_thread_blocked, id=13844, stack(0x000000dfb6600000,0x000000dfb6700000)]
  0x000002589b3ad3d0 JavaThread "Attach Listener" daemon [_thread_blocked, id=22204, stack(0x000000dfb6700000,0x000000dfb6800000)]
  0x000002589b3adca0 JavaThread "Service Thread" daemon [_thread_blocked, id=3288, stack(0x000000dfb6800000,0x000000dfb6900000)]
  0x000002589b3ae570 JavaThread "Monitor Deflation Thread" daemon [_thread_blocked, id=876, stack(0x000000dfb6900000,0x000000dfb6a00000)]
  0x000002589b3af220 JavaThread "C2 CompilerThread0" daemon [_thread_blocked, id=22628, stack(0x000000dfb6a00000,0x000000dfb6b00000)]
  0x000002589b3b4000 JavaThread "C1 CompilerThread0" daemon [_thread_blocked, id=22716, stack(0x000000dfb6b00000,0x000000dfb6c00000)]
  0x000002589b3bc920 JavaThread "Sweeper thread" daemon [_thread_blocked, id=23432, stack(0x000000dfb6c00000,0x000000dfb6d00000)]
  0x000002589b3791d0 JavaThread "Common-Cleaner" daemon [_thread_blocked, id=19752, stack(0x000000dfb6d00000,0x000000dfb6e00000)]
  0x000002589b655c50 JavaThread "Notification Thread" daemon [_thread_blocked, id=22016, stack(0x000000dfb6e00000,0x000000dfb6f00000)]
  0x00000258bc1edb30 JavaThread "Daemon health stats" [_thread_blocked, id=11476, stack(0x000000dfb7100000,0x000000dfb7200000)]
  0x00000258bb9083a0 JavaThread "Incoming local TCP Connector on port 53588" [_thread_in_native, id=1304, stack(0x000000dfb7600000,0x000000dfb7700000)]
  0x00000258bc4fa140 JavaThread "Daemon periodic checks" [_thread_blocked, id=9904, stack(0x000000dfb7700000,0x000000dfb7800000)]
  0x00000258bc1808b0 JavaThread "Daemon" [_thread_blocked, id=21140, stack(0x000000dfb7800000,0x000000dfb7900000)]
  0x00000258bc37f030 JavaThread "Handler for socket connection from /127.0.0.1:53588 to /127.0.0.1:53590" [_thread_in_native, id=10504, stack(0x000000dfb7900000,0x000000dfb7a00000)]
  0x00000258bb3bdbf0 JavaThread "Cancel handler" [_thread_blocked, id=21588, stack(0x000000dfb7a00000,0x000000dfb7b00000)]
  0x00000258bb3bf540 JavaThread "Daemon worker" [_thread_blocked, id=20236, stack(0x000000dfb7b00000,0x000000dfb7c00000)]
  0x00000258bb3bf030 JavaThread "Asynchronous log dispatcher for DefaultDaemonConnection: socket connection from /127.0.0.1:53588 to /127.0.0.1:53590" [_thread_blocked, id=23496, stack(0x000000dfb7c00000,0x000000dfb7d00000)]
  0x00000258bb3be100 JavaThread "Stdin handler" [_thread_blocked, id=22956, stack(0x000000dfb7d00000,0x000000dfb7e00000)]
  0x00000258bb3be610 JavaThread "Daemon client event forwarder" [_thread_blocked, id=18596, stack(0x000000dfb7e00000,0x000000dfb7f00000)]
  0x00000258bb3beb20 JavaThread "Cache worker for journal cache (C:\Users\hp\.gradle\caches\journal-1)" [_thread_blocked, id=9744, stack(0x000000dfb7f00000,0x000000dfb8000000)]
  0x00000258bc8660f0 JavaThread "File lock request listener" [_thread_in_native, id=13900, stack(0x000000dfb8000000,0x000000dfb8100000)]
  0x00000258bc862940 JavaThread "Cache worker for file hash cache (C:\Users\hp\.gradle\caches\8.10.2\fileHashes)" [_thread_blocked, id=22492, stack(0x000000dfb8100000,0x000000dfb8200000)]
  0x00000258bc8647a0 JavaThread "Cache worker for file hash cache (D:\checkkr\firstPro\android\.gradle\8.10.2\fileHashes)" [_thread_blocked, id=18544, stack(0x000000dfb8500000,0x000000dfb8600000)]
  0x00000258bc864290 JavaThread "Cache worker for Build Output Cleanup Cache (D:\checkkr\firstPro\android\.gradle\buildOutputCleanup)" [_thread_blocked, id=18988, stack(0x000000dfb8600000,0x000000dfb8700000)]
  0x00000258bc863d80 JavaThread "File watcher server" daemon [_thread_blocked, id=18232, stack(0x000000dfb8800000,0x000000dfb8900000)]
  0x00000258bc8651c0 JavaThread "File watcher consumer" daemon [_thread_blocked, id=14260, stack(0x000000dfb8900000,0x000000dfb8a00000)]
  0x00000258bc864cb0 JavaThread "Cache worker for checksums cache (D:\checkkr\firstPro\android\.gradle\8.10.2\checksums)" [_thread_blocked, id=5708, stack(0x000000dfb8a00000,0x000000dfb8b00000)]
  0x00000258bc8656d0 JavaThread "Cache worker for file content cache (C:\Users\hp\.gradle\caches\8.10.2\fileContent)" [_thread_blocked, id=20644, stack(0x000000dfb8b00000,0x000000dfb8c00000)]
  0x00000258bc862e50 JavaThread "Cache worker for cache directory md-rule (C:\Users\hp\.gradle\caches\8.10.2\md-rule)" [_thread_blocked, id=16776, stack(0x000000dfb8c00000,0x000000dfb8d00000)]
  0x00000258bc865be0 JavaThread "Cache worker for cache directory md-supplier (C:\Users\hp\.gradle\caches\8.10.2\md-supplier)" [_thread_blocked, id=13984, stack(0x000000dfb8d00000,0x000000dfb8e00000)]
  0x00000258bc866b10 JavaThread "jar transforms" [_thread_blocked, id=10320, stack(0x000000dfb8f00000,0x000000dfb9000000)]
  0x00000258bc867020 JavaThread "Cache worker for Build Output Cleanup Cache (D:\checkkr\firstPro\node_modules\@react-native\gradle-plugin\.gradle\buildOutputCleanup)" [_thread_blocked, id=21624, stack(0x000000dfb9000000,0x000000dfb9100000)]
  0x00000258bc867530 JavaThread "Unconstrained build operations" [_thread_blocked, id=16276, stack(0x000000dfb8e00000,0x000000dfb8f00000)]
  0x00000258bc867f50 JavaThread "Unconstrained build operations Thread 2" [_thread_blocked, id=16648, stack(0x000000dfb9100000,0x000000dfb9200000)]
  0x00000258bc867a40 JavaThread "Unconstrained build operations Thread 3" [_thread_blocked, id=6556, stack(0x000000dfb9200000,0x000000dfb9300000)]
  0x00000258bc868970 JavaThread "Unconstrained build operations Thread 4" [_thread_blocked, id=5640, stack(0x000000dfb9300000,0x000000dfb9400000)]
  0x00000258bc868460 JavaThread "Unconstrained build operations Thread 5" [_thread_blocked, id=11136, stack(0x000000dfb9500000,0x000000dfb9600000)]
  0x00000258bc868e80 JavaThread "Unconstrained build operations Thread 6" [_thread_blocked, id=2148, stack(0x000000dfb9600000,0x000000dfb9700000)]
  0x00000258bc8698a0 JavaThread "Unconstrained build operations Thread 7" [_thread_blocked, id=6436, stack(0x000000dfb9700000,0x000000dfb9800000)]
  0x00000258bc869db0 JavaThread "Unconstrained build operations Thread 8" [_thread_blocked, id=7344, stack(0x000000dfb9800000,0x000000dfb9900000)]
  0x00000258bc86a2c0 JavaThread "Unconstrained build operations Thread 9" [_thread_blocked, id=23220, stack(0x000000dfb9900000,0x000000dfb9a00000)]
  0x00000258bec203c0 JavaThread "Unconstrained build operations Thread 10" [_thread_blocked, id=12376, stack(0x000000dfb9a00000,0x000000dfb9b00000)]
  0x00000258bec1feb0 JavaThread "Unconstrained build operations Thread 11" [_thread_blocked, id=716, stack(0x000000dfb9b00000,0x000000dfb9c00000)]
  0x00000258bec22730 JavaThread "Unconstrained build operations Thread 12" [_thread_blocked, id=4012, stack(0x000000dfb9c00000,0x000000dfb9d00000)]
  0x00000258bec1f9a0 JavaThread "Unconstrained build operations Thread 13" [_thread_blocked, id=23544, stack(0x000000dfb9d00000,0x000000dfb9e00000)]
  0x00000258bec22c40 JavaThread "Unconstrained build operations Thread 14" [_thread_blocked, id=13396, stack(0x000000dfb9e00000,0x000000dfb9f00000)]
  0x00000258bec208d0 JavaThread "Unconstrained build operations Thread 15" [_thread_blocked, id=19732, stack(0x000000dfb9f00000,0x000000dfba000000)]
  0x00000258bec1f490 JavaThread "Unconstrained build operations Thread 16" [_thread_blocked, id=3520, stack(0x000000dfba000000,0x000000dfba100000)]
  0x00000258bec23660 JavaThread "Unconstrained build operations Thread 17" [_thread_blocked, id=22052, stack(0x000000dfba100000,0x000000dfba200000)]
  0x00000258bec20de0 JavaThread "Unconstrained build operations Thread 18" [_thread_blocked, id=7996, stack(0x000000dfba200000,0x000000dfba300000)]
  0x00000258bec212f0 JavaThread "Unconstrained build operations Thread 19" [_thread_blocked, id=17748, stack(0x000000dfba300000,0x000000dfba400000)]
  0x00000258bec23150 JavaThread "Unconstrained build operations Thread 20" [_thread_blocked, id=12360, stack(0x000000dfba400000,0x000000dfba500000)]
  0x00000258bec23b70 JavaThread "Unconstrained build operations Thread 21" [_thread_blocked, id=9752, stack(0x000000dfba500000,0x000000dfba600000)]
  0x00000258bec24590 JavaThread "Unconstrained build operations Thread 22" [_thread_blocked, id=7828, stack(0x000000dfba600000,0x000000dfba700000)]
  0x00000258bec21d10 JavaThread "Unconstrained build operations Thread 23" [_thread_blocked, id=15120, stack(0x000000dfba700000,0x000000dfba800000)]
  0x00000258bec24080 JavaThread "Unconstrained build operations Thread 24" [_thread_blocked, id=10696, stack(0x000000dfba800000,0x000000dfba900000)]
  0x00000258bec24aa0 JavaThread "Unconstrained build operations Thread 25" [_thread_blocked, id=23352, stack(0x000000dfba900000,0x000000dfbaa00000)]
  0x00000258bec24fb0 JavaThread "Unconstrained build operations Thread 26" [_thread_blocked, id=12992, stack(0x000000dfbaa00000,0x000000dfbab00000)]
  0x00000258bec21800 JavaThread "Unconstrained build operations Thread 27" [_thread_blocked, id=15464, stack(0x000000dfbab00000,0x000000dfbac00000)]
  0x00000258bec259d0 JavaThread "Memory manager" [_thread_blocked, id=3624, stack(0x000000dfbac00000,0x000000dfbad00000)]
  0x00000258bec22220 JavaThread "build event listener" [_thread_blocked, id=22304, stack(0x000000dfbad00000,0x000000dfbae00000)]
  0x00000258bdf61ae0 JavaThread "C2 CompilerThread1" daemon [_thread_blocked, id=3312, stack(0x000000dfb9400000,0x000000dfb9500000)]
  0x00000258bec26900 JavaThread "ForkJoinPool.commonPool-worker-1" daemon [_thread_blocked, id=20776, stack(0x000000dfbae00000,0x000000dfbaf00000)]
  0x00000258bec26e10 JavaThread "ForkJoinPool.commonPool-worker-2" daemon [_thread_blocked, id=16524, stack(0x000000dfbaf00000,0x000000dfbb000000)]
  0x00000258c05b3410 JavaThread "ForkJoinPool.commonPool-worker-3" daemon [_thread_blocked, id=8224, stack(0x000000dfbb000000,0x000000dfbb100000)]
  0x00000258c05b1ac0 JavaThread "ForkJoinPool.commonPool-worker-4" daemon [_thread_blocked, id=3808, stack(0x000000dfbb100000,0x000000dfbb200000)]
  0x00000258c05b29f0 JavaThread "ForkJoinPool.commonPool-worker-5" daemon [_thread_blocked, id=23012, stack(0x000000dfbb200000,0x000000dfbb300000)]
  0x00000258c05b0680 JavaThread "ForkJoinPool.commonPool-worker-6" daemon [_thread_blocked, id=7684, stack(0x000000dfbb300000,0x000000dfbb400000)]
  0x00000258c05b0170 JavaThread "ForkJoinPool.commonPool-worker-7" daemon [_thread_blocked, id=8176, stack(0x000000dfbb400000,0x000000dfbb500000)]
  0x00000258c05b24e0 JavaThread "included builds" [_thread_blocked, id=7592, stack(0x000000dfbb500000,0x000000dfbb600000)]
  0x00000258c05b15b0 JavaThread "Execution worker" [_thread_blocked, id=16412, stack(0x000000dfbb600000,0x000000dfbb700000)]
  0x00000258c05afc60 JavaThread "Execution worker Thread 2" [_thread_blocked, id=3160, stack(0x000000dfbb700000,0x000000dfbb800000)]
  0x00000258c05b2f00 JavaThread "Execution worker Thread 3" [_thread_blocked, id=22928, stack(0x000000dfbb800000,0x000000dfbb900000)]
  0x00000258c05b3920 JavaThread "Execution worker Thread 4" [_thread_blocked, id=16008, stack(0x000000dfbb900000,0x000000dfbba00000)]
  0x00000258c05b3e30 JavaThread "Execution worker Thread 5" [_thread_blocked, id=12996, stack(0x000000dfbba00000,0x000000dfbbb00000)]
  0x00000258c05b0b90 JavaThread "Execution worker Thread 6" [_thread_blocked, id=12468, stack(0x000000dfbbb00000,0x000000dfbbc00000)]
  0x00000258c05b4340 JavaThread "Execution worker Thread 7" [_thread_blocked, id=8320, stack(0x000000dfbbc00000,0x000000dfbbd00000)]
  0x00000258c05b4850 JavaThread "Cache worker for execution history cache (D:\checkkr\firstPro\node_modules\@react-native\gradle-plugin\.gradle\8.10.2\executionHistory)" [_thread_blocked, id=8040, stack(0x000000dfbbd00000,0x000000dfbbe00000)]
  0x00000258c05b5780 JavaThread "Unconstrained build operations Thread 28" [_thread_blocked, id=19992, stack(0x000000dfbbe00000,0x000000dfbbf00000)]
  0x00000258c05b4d60 JavaThread "Unconstrained build operations Thread 29" [_thread_blocked, id=14768, stack(0x000000dfbbf00000,0x000000dfbc000000)]
  0x00000258c05b5270 JavaThread "Unconstrained build operations Thread 30" [_thread_blocked, id=11220, stack(0x000000dfbc000000,0x000000dfbc100000)]
  0x00000258c05b1fd0 JavaThread "Unconstrained build operations Thread 31" [_thread_blocked, id=17076, stack(0x000000dfbc100000,0x000000dfbc200000)]
  0x00000258c05b5c90 JavaThread "Unconstrained build operations Thread 32" [_thread_blocked, id=6464, stack(0x000000dfbc200000,0x000000dfbc300000)]
  0x00000258c05b61a0 JavaThread "Unconstrained build operations Thread 33" [_thread_blocked, id=1220, stack(0x000000dfbc300000,0x000000dfbc400000)]
  0x00000258c05b70d0 JavaThread "Unconstrained build operations Thread 34" [_thread_blocked, id=10756, stack(0x000000dfbc400000,0x000000dfbc500000)]
  0x00000258c05b10a0 JavaThread "Unconstrained build operations Thread 35" [_thread_blocked, id=18924, stack(0x000000dfbc500000,0x000000dfbc600000)]
  0x00000258c05b75e0 JavaThread "Unconstrained build operations Thread 36" [_thread_blocked, id=15512, stack(0x000000dfbc600000,0x000000dfbc700000)]
  0x00000258c05b66b0 JavaThread "Unconstrained build operations Thread 37" [_thread_blocked, id=13104, stack(0x000000dfbc700000,0x000000dfbc800000)]
  0x00000258c05b6bc0 JavaThread "Unconstrained build operations Thread 38" [_thread_blocked, id=4032, stack(0x000000dfbc800000,0x000000dfbc900000)]
  0x00000258bc9452c0 JavaThread "Unconstrained build operations Thread 39" [_thread_blocked, id=23104, stack(0x000000dfbc900000,0x000000dfbca00000)]
  0x00000258bc947630 JavaThread "Unconstrained build operations Thread 40" [_thread_blocked, id=15016, stack(0x000000dfbca00000,0x000000dfbcb00000)]
  0x00000258bc9448a0 JavaThread "Unconstrained build operations Thread 41" [_thread_blocked, id=22580, stack(0x000000dfbcb00000,0x000000dfbcc00000)]
  0x00000258bc945ce0 JavaThread "Unconstrained build operations Thread 42" [_thread_blocked, id=14572, stack(0x000000dfbcc00000,0x000000dfbcd00000)]
  0x00000258bc947b40 JavaThread "Unconstrained build operations Thread 43" [_thread_blocked, id=4576, stack(0x000000dfbcd00000,0x000000dfbce00000)]
  0x00000258bc9461f0 JavaThread "Unconstrained build operations Thread 44" [_thread_blocked, id=17536, stack(0x000000dfbce00000,0x000000dfbcf00000)]
  0x00000258bc9457d0 JavaThread "Unconstrained build operations Thread 45" [_thread_blocked, id=20020, stack(0x000000dfbcf00000,0x000000dfbd000000)]
  0x00000258bc946700 JavaThread "Unconstrained build operations Thread 46" [_thread_blocked, id=23396, stack(0x000000dfbd000000,0x000000dfbd100000)]
  0x00000258bc946c10 JavaThread "Unconstrained build operations Thread 47" [_thread_blocked, id=6988, stack(0x000000dfbd100000,0x000000dfbd200000)]
  0x00000258bc948050 JavaThread "Unconstrained build operations Thread 48" [_thread_blocked, id=6572, stack(0x000000dfbd200000,0x000000dfbd300000)]
  0x00000258bc948560 JavaThread "Unconstrained build operations Thread 49" [_thread_blocked, id=18768, stack(0x000000dfbd300000,0x000000dfbd400000)]
  0x00000258bc944db0 JavaThread "Unconstrained build operations Thread 50" [_thread_blocked, id=2404, stack(0x000000dfbd400000,0x000000dfbd500000)]
  0x00000258bc948a70 JavaThread "Unconstrained build operations Thread 51" [_thread_blocked, id=11572, stack(0x000000dfbd500000,0x000000dfbd600000)]
  0x00000258bc94a3c0 JavaThread "Unconstrained build operations Thread 52" [_thread_blocked, id=6908, stack(0x000000dfbd600000,0x000000dfbd700000)]
  0x00000258bc949eb0 JavaThread "Unconstrained build operations Thread 53" [_thread_blocked, id=15628, stack(0x000000dfbd700000,0x000000dfbd800000)]
  0x00000258bc947120 JavaThread "Unconstrained build operations Thread 54" [_thread_blocked, id=10816, stack(0x000000dfbd800000,0x000000dfbd900000)]
  0x00000258bc94a8d0 JavaThread "Unconstrained build operations Thread 55" [_thread_blocked, id=6688, stack(0x000000dfbd900000,0x000000dfbda00000)]
  0x00000258bc94ade0 JavaThread "Unconstrained build operations Thread 56" [_thread_blocked, id=10044, stack(0x000000dfbda00000,0x000000dfbdb00000)]
  0x00000258bc948f80 JavaThread "Unconstrained build operations Thread 57" [_thread_blocked, id=22084, stack(0x000000dfbdb00000,0x000000dfbdc00000)]
  0x00000258bc94b2f0 JavaThread "Unconstrained build operations Thread 58" [_thread_blocked, id=8508, stack(0x000000dfbdc00000,0x000000dfbdd00000)]
  0x00000258bc949490 JavaThread "Unconstrained build operations Thread 59" [_thread_blocked, id=11500, stack(0x000000dfbdd00000,0x000000dfbde00000)]
  0x00000258bc94b800 JavaThread "Unconstrained build operations Thread 60" [_thread_blocked, id=17044, stack(0x000000dfbde00000,0x000000dfbdf00000)]
  0x00000258bc9499a0 JavaThread "Unconstrained build operations Thread 61" [_thread_blocked, id=4632, stack(0x000000dfbdf00000,0x000000dfbe000000)]
  0x00000258bc94bd10 JavaThread "Unconstrained build operations Thread 62" [_thread_blocked, id=23232, stack(0x000000dfbe000000,0x000000dfbe100000)]
  0x00000258bc94c220 JavaThread "Unconstrained build operations Thread 63" [_thread_blocked, id=22852, stack(0x000000dfbe100000,0x000000dfbe200000)]
  0x00000258bd7b2460 JavaThread "Unconstrained build operations Thread 64" [_thread_blocked, id=4308, stack(0x000000dfbe200000,0x000000dfbe300000)]
  0x00000258bd7b3390 JavaThread "Unconstrained build operations Thread 65" [_thread_blocked, id=12736, stack(0x000000dfbe300000,0x000000dfbe400000)]
  0x00000258bd7b0600 JavaThread "Unconstrained build operations Thread 66" [_thread_blocked, id=13700, stack(0x000000dfbe400000,0x000000dfbe500000)]
  0x00000258bd7b1a40 JavaThread "Unconstrained build operations Thread 67" [_thread_blocked, id=9976, stack(0x000000dfbe500000,0x000000dfbe600000)]
  0x00000258bd7b00f0 JavaThread "Unconstrained build operations Thread 68" [_thread_blocked, id=16228, stack(0x000000dfbe600000,0x000000dfbe700000)]
  0x00000258bd7b2e80 JavaThread "Unconstrained build operations Thread 69" [_thread_blocked, id=2664, stack(0x000000dfbe700000,0x000000dfbe800000)]
  0x00000258bd7b0b10 JavaThread "Unconstrained build operations Thread 70" [_thread_blocked, id=21924, stack(0x000000dfbe800000,0x000000dfbe900000)]
  0x00000258bd7b2970 JavaThread "Unconstrained build operations Thread 71" [_thread_blocked, id=22056, stack(0x000000dfbe900000,0x000000dfbea00000)]
  0x00000258bd7b38a0 JavaThread "Unconstrained build operations Thread 72" [_thread_blocked, id=11480, stack(0x000000dfbea00000,0x000000dfbeb00000)]
  0x00000258bd7b1f50 JavaThread "jar transforms Thread 2" [_thread_blocked, id=3184, stack(0x000000dfbeb00000,0x000000dfbec00000)]
  0x00000258bd7b1530 JavaThread "jar transforms Thread 3" [_thread_blocked, id=23528, stack(0x000000dfbec00000,0x000000dfbed00000)]
  0x00000258bd7b42c0 JavaThread "Unconstrained build operations Thread 73" [_thread_blocked, id=8000, stack(0x000000dfbed00000,0x000000dfbee00000)]
  0x00000258bd7b6630 JavaThread "Unconstrained build operations Thread 74" [_thread_blocked, id=9512, stack(0x000000dfbee00000,0x000000dfbef00000)]
  0x00000258bd7b6b40 JavaThread "Unconstrained build operations Thread 75" [_thread_blocked, id=22332, stack(0x000000dfbef00000,0x000000dfbf000000)]
  0x00000258bd7b51f0 JavaThread "Unconstrained build operations Thread 76" [_thread_blocked, id=11060, stack(0x000000dfbf000000,0x000000dfbf100000)]
  0x00000258bd7b5700 JavaThread "Unconstrained build operations Thread 77" [_thread_blocked, id=21972, stack(0x000000dfbf100000,0x000000dfbf200000)]
  0x00000258bd7b7560 JavaThread "Unconstrained build operations Thread 78" [_thread_blocked, id=10552, stack(0x000000dfbf200000,0x000000dfbf300000)]
  0x00000258bd7b3db0 JavaThread "Unconstrained build operations Thread 79" [_thread_blocked, id=20676, stack(0x000000dfbf300000,0x000000dfbf400000)]
  0x00000258bd7b5c10 JavaThread "Unconstrained build operations Thread 80" [_thread_blocked, id=22768, stack(0x000000dfbf400000,0x000000dfbf500000)]

Other Threads:
=>0x000002589b3896a0 VMThread "VM Thread" [stack: 0x000000dfb6300000,0x000000dfb6400000] [id=9396]
  0x00000258fce11010 WatcherThread [stack: 0x000000dfb6f00000,0x000000dfb7000000] [id=16112]
  0x00000258fce6cc50 GCTaskThread "GC Thread#0" [stack: 0x000000dfb5e00000,0x000000dfb5f00000] [id=10172]
  0x000002589bca1140 GCTaskThread "GC Thread#1" [stack: 0x000000dfb7200000,0x000000dfb7300000] [id=16944]
  0x000002589be4ad30 GCTaskThread "GC Thread#2" [stack: 0x000000dfb7300000,0x000000dfb7400000] [id=324]
  0x000002589b6b0380 GCTaskThread "GC Thread#3" [stack: 0x000000dfb7400000,0x000000dfb7500000] [id=10868]
  0x000002589b89ac10 GCTaskThread "GC Thread#4" [stack: 0x000000dfb7500000,0x000000dfb7600000] [id=9728]
  0x00000258bed277c0 GCTaskThread "GC Thread#5" [stack: 0x000000dfb8200000,0x000000dfb8300000] [id=18268]
  0x00000258bc773950 GCTaskThread "GC Thread#6" [stack: 0x000000dfb8300000,0x000000dfb8400000] [id=23316]
  0x00000258bc310900 GCTaskThread "GC Thread#7" [stack: 0x000000dfb8400000,0x000000dfb8500000] [id=20868]
  0x00000258fce7dab0 ConcurrentGCThread "G1 Main Marker" [stack: 0x000000dfb5f00000,0x000000dfb6000000] [id=9456]
  0x00000258fce7ff60 ConcurrentGCThread "G1 Conc#0" [stack: 0x000000dfb6000000,0x000000dfb6100000] [id=22964]
  0x00000258bc6afc50 ConcurrentGCThread "G1 Conc#1" [stack: 0x000000dfb8700000,0x000000dfb8800000] [id=21184]
  0x000002589b23e530 ConcurrentGCThread "G1 Refine#0" [stack: 0x000000dfb6100000,0x000000dfb6200000] [id=7248]
  0x000002589b23ec10 ConcurrentGCThread "G1 Service" [stack: 0x000000dfb6200000,0x000000dfb6300000] [id=23244]

Threads with active compile tasks:
C2 CompilerThread0    16633 10964       4       java.nio.HeapByteBuffer::<init> (21 bytes)
C2 CompilerThread1    16633 10966       4       java.util.concurrent.locks.ReentrantLock$FairSync::tryAcquire (34 bytes)

VM state: at safepoint (normal execution)

VM Mutex/Monitor currently owned by a thread:  ([mutex/lock_event])
[0x00000258fab7c200] Threads_lock - owner thread: 0x000002589b3896a0
[0x00000258fce0cf60] Heap_lock - owner thread: 0x00000258bc862940

Heap address: 0x0000000080000000, size: 2048 MB, Compressed Oops mode: 32-bit

CDS archive(s) mapped at: [0x000002589c000000-0x000002589cbb0000-0x000002589cbb0000), size 12255232, SharedBaseAddress: 0x000002589c000000, ArchiveRelocationMode: 1.
Compressed class space mapped at: 0x000002589d000000-0x00000258b7000000, reserved size: 436207616
Narrow klass base: 0x000002589c000000, Narrow klass shift: 0, Narrow klass range: 0x100000000

GC Precious Log:
 CPUs: 8 total, 8 available
 Memory: 7998M
 Large Page Support: Disabled
 NUMA Support: Disabled
 Compressed Oops: Enabled (32-bit)
 Heap Region Size: 1M
 Heap Min Capacity: 8M
 Heap Initial Capacity: 126M
 Heap Max Capacity: 2G
 Pre-touch: Disabled
 Parallel Workers: 8
 Concurrent Workers: 2
 Concurrent Refinement Workers: 8
 Periodic GC: Disabled

Heap:
 garbage-first heap   total 141312K, used 80497K [0x0000000080000000, 0x0000000100000000)
  region size 1024K, 2 young (2048K), 2 survivors (2048K)
 Metaspace       used 77735K, committed 78528K, reserved 557056K
  class space    used 10874K, committed 11264K, reserved 425984K

Heap Regions: E=young(eden), S=young(survivor), O=old, HS=humongous(starts), HC=humongous(continues), CS=collection set, F=free, OA=open archive, CA=closed archive, TAMS=top-at-mark-start (previous, next)
|   0|0x0000000080000000, 0x0000000080100000, 0x0000000080100000|100%| O|  |TAMS 0x0000000080100000, 0x0000000080100000| Untracked 
|   1|0x0000000080100000, 0x0000000080200000, 0x0000000080200000|100%| O|  |TAMS 0x0000000080200000, 0x0000000080200000| Untracked 
|   2|0x0000000080200000, 0x0000000080300000, 0x0000000080300000|100%|HS|  |TAMS 0x0000000080300000, 0x0000000080300000| Complete 
|   3|0x0000000080300000, 0x0000000080400000, 0x0000000080400000|100%|HC|  |TAMS 0x0000000080400000, 0x0000000080400000| Complete 
|   4|0x0000000080400000, 0x0000000080500000, 0x0000000080500000|100%|HC|  |TAMS 0x0000000080500000, 0x0000000080500000| Complete 
|   5|0x0000000080500000, 0x0000000080600000, 0x0000000080600000|100%|HC|  |TAMS 0x0000000080600000, 0x0000000080600000| Complete 
|   6|0x0000000080600000, 0x0000000080700000, 0x0000000080700000|100%| O|  |TAMS 0x0000000080700000, 0x0000000080700000| Untracked 
|   7|0x0000000080700000, 0x0000000080800000, 0x0000000080800000|100%| O|  |TAMS 0x0000000080800000, 0x0000000080800000| Untracked 
|   8|0x0000000080800000, 0x0000000080900000, 0x0000000080900000|100%| O|  |TAMS 0x0000000080900000, 0x0000000080900000| Untracked 
|   9|0x0000000080900000, 0x0000000080a00000, 0x0000000080a00000|100%|HS|  |TAMS 0x0000000080a00000, 0x0000000080a00000| Complete 
|  10|0x0000000080a00000, 0x0000000080b00000, 0x0000000080b00000|100%| O|  |TAMS 0x0000000080b00000, 0x0000000080b00000| Untracked 
|  11|0x0000000080b00000, 0x0000000080c00000, 0x0000000080c00000|100%| O|  |TAMS 0x0000000080c00000, 0x0000000080c00000| Untracked 
|  12|0x0000000080c00000, 0x0000000080d00000, 0x0000000080d00000|100%| O|  |TAMS 0x0000000080d00000, 0x0000000080d00000| Untracked 
|  13|0x0000000080d00000, 0x0000000080e00000, 0x0000000080e00000|100%| O|  |TAMS 0x0000000080e00000, 0x0000000080e00000| Untracked 
|  14|0x0000000080e00000, 0x0000000080f00000, 0x0000000080f00000|100%| O|  |TAMS 0x0000000080f00000, 0x0000000080f00000| Untracked 
|  15|0x0000000080f00000, 0x0000000081000000, 0x0000000081000000|100%| O|  |TAMS 0x0000000081000000, 0x0000000081000000| Untracked 
|  16|0x0000000081000000, 0x0000000081100000, 0x0000000081100000|100%| O|  |TAMS 0x0000000081100000, 0x0000000081100000| Untracked 
|  17|0x0000000081100000, 0x0000000081200000, 0x0000000081200000|100%| O|  |TAMS 0x0000000081200000, 0x0000000081200000| Untracked 
|  18|0x0000000081200000, 0x0000000081300000, 0x0000000081300000|100%| O|  |TAMS 0x0000000081300000, 0x0000000081300000| Untracked 
|  19|0x0000000081300000, 0x0000000081400000, 0x0000000081400000|100%| O|  |TAMS 0x0000000081400000, 0x0000000081400000| Untracked 
|  20|0x0000000081400000, 0x0000000081500000, 0x0000000081500000|100%| O|  |TAMS 0x0000000081500000, 0x0000000081500000| Untracked 
|  21|0x0000000081500000, 0x0000000081600000, 0x0000000081600000|100%| O|  |TAMS 0x0000000081600000, 0x0000000081600000| Untracked 
|  22|0x0000000081600000, 0x0000000081700000, 0x0000000081700000|100%| O|  |TAMS 0x0000000081700000, 0x0000000081700000| Untracked 
|  23|0x0000000081700000, 0x0000000081800000, 0x0000000081800000|100%| O|  |TAMS 0x0000000081800000, 0x0000000081800000| Untracked 
|  24|0x0000000081800000, 0x0000000081900000, 0x0000000081900000|100%| O|  |TAMS 0x0000000081900000, 0x0000000081900000| Untracked 
|  25|0x0000000081900000, 0x0000000081a00000, 0x0000000081a00000|100%| O|  |TAMS 0x0000000081900000, 0x0000000081a00000| Untracked 
|  26|0x0000000081a00000, 0x0000000081b00000, 0x0000000081b00000|100%| O|  |TAMS 0x0000000081b00000, 0x0000000081b00000| Untracked 
|  27|0x0000000081b00000, 0x0000000081c00000, 0x0000000081c00000|100%| O|  |TAMS 0x0000000081c00000, 0x0000000081c00000| Untracked 
|  28|0x0000000081c00000, 0x0000000081d00000, 0x0000000081d00000|100%| O|  |TAMS 0x0000000081d00000, 0x0000000081d00000| Untracked 
|  29|0x0000000081d00000, 0x0000000081e00000, 0x0000000081e00000|100%| O|  |TAMS 0x0000000081e00000, 0x0000000081e00000| Untracked 
|  30|0x0000000081e00000, 0x0000000081f00000, 0x0000000081f00000|100%| O|  |TAMS 0x0000000081f00000, 0x0000000081f00000| Untracked 
|  31|0x0000000081f00000, 0x0000000082000000, 0x0000000082000000|100%| O|  |TAMS 0x0000000082000000, 0x0000000082000000| Untracked 
|  32|0x0000000082000000, 0x0000000082100000, 0x0000000082100000|100%| O|  |TAMS 0x0000000082100000, 0x0000000082100000| Untracked 
|  33|0x0000000082100000, 0x0000000082200000, 0x0000000082200000|100%| O|  |TAMS 0x0000000082200000, 0x0000000082200000| Untracked 
|  34|0x0000000082200000, 0x0000000082300000, 0x0000000082300000|100%| O|  |TAMS 0x0000000082300000, 0x0000000082300000| Untracked 
|  35|0x0000000082300000, 0x0000000082400000, 0x0000000082400000|100%| O|  |TAMS 0x0000000082400000, 0x0000000082400000| Untracked 
|  36|0x0000000082400000, 0x0000000082500000, 0x0000000082500000|100%| O|  |TAMS 0x0000000082500000, 0x0000000082500000| Untracked 
|  37|0x0000000082500000, 0x0000000082600000, 0x0000000082600000|100%| O|  |TAMS 0x0000000082600000, 0x0000000082600000| Untracked 
|  38|0x0000000082600000, 0x0000000082700000, 0x0000000082700000|100%| O|  |TAMS 0x0000000082700000, 0x0000000082700000| Untracked 
|  39|0x0000000082700000, 0x0000000082800000, 0x0000000082800000|100%| O|  |TAMS 0x0000000082800000, 0x0000000082800000| Untracked 
|  40|0x0000000082800000, 0x0000000082900000, 0x0000000082900000|100%| O|  |TAMS 0x0000000082900000, 0x0000000082900000| Untracked 
|  41|0x0000000082900000, 0x0000000082a00000, 0x0000000082a00000|100%| O|  |TAMS 0x0000000082a00000, 0x0000000082a00000| Untracked 
|  42|0x0000000082a00000, 0x0000000082b00000, 0x0000000082b00000|100%| O|  |TAMS 0x0000000082b00000, 0x0000000082b00000| Untracked 
|  43|0x0000000082b00000, 0x0000000082c00000, 0x0000000082c00000|100%|HS|  |TAMS 0x0000000082c00000, 0x0000000082c00000| Complete 
|  44|0x0000000082c00000, 0x0000000082d00000, 0x0000000082d00000|100%|HC|  |TAMS 0x0000000082d00000, 0x0000000082d00000| Complete 
|  45|0x0000000082d00000, 0x0000000082e00000, 0x0000000082e00000|100%|HS|  |TAMS 0x0000000082e00000, 0x0000000082e00000| Complete 
|  46|0x0000000082e00000, 0x0000000082f00000, 0x0000000082f00000|100%|HC|  |TAMS 0x0000000082f00000, 0x0000000082f00000| Complete 
|  47|0x0000000082f00000, 0x0000000083000000, 0x0000000083000000|100%| O|  |TAMS 0x0000000083000000, 0x0000000083000000| Untracked 
|  48|0x0000000083000000, 0x0000000083100000, 0x0000000083100000|100%| O|  |TAMS 0x0000000083100000, 0x0000000083100000| Untracked 
|  49|0x0000000083100000, 0x0000000083200000, 0x0000000083200000|100%| O|  |TAMS 0x0000000083200000, 0x0000000083200000| Untracked 
|  50|0x0000000083200000, 0x0000000083300000, 0x0000000083300000|100%|HS|  |TAMS 0x0000000083300000, 0x0000000083300000| Complete 
|  51|0x0000000083300000, 0x0000000083400000, 0x0000000083400000|100%|HC|  |TAMS 0x0000000083400000, 0x0000000083400000| Complete 
|  52|0x0000000083400000, 0x0000000083500000, 0x0000000083500000|100%|HC|  |TAMS 0x0000000083500000, 0x0000000083500000| Complete 
|  53|0x0000000083500000, 0x0000000083600000, 0x0000000083600000|100%|HC|  |TAMS 0x0000000083600000, 0x0000000083600000| Complete 
|  54|0x0000000083600000, 0x0000000083700000, 0x0000000083700000|100%|HS|  |TAMS 0x0000000083700000, 0x0000000083700000| Complete 
|  55|0x0000000083700000, 0x0000000083800000, 0x0000000083800000|100%|HC|  |TAMS 0x0000000083800000, 0x0000000083800000| Complete 
|  56|0x0000000083800000, 0x0000000083900000, 0x0000000083900000|100%|HC|  |TAMS 0x0000000083900000, 0x0000000083900000| Complete 
|  57|0x0000000083900000, 0x0000000083a00000, 0x0000000083a00000|100%|HC|  |TAMS 0x0000000083a00000, 0x0000000083a00000| Complete 
|  58|0x0000000083a00000, 0x0000000083a00000, 0x0000000083b00000|  0%| F|  |TAMS 0x0000000083a00000, 0x0000000083a00000| Untracked 
|  59|0x0000000083b00000, 0x0000000083c00000, 0x0000000083c00000|100%| O|  |TAMS 0x0000000083c00000, 0x0000000083c00000| Untracked 
|  60|0x0000000083c00000, 0x0000000083d00000, 0x0000000083d00000|100%| O|  |TAMS 0x0000000083d00000, 0x0000000083d00000| Untracked 
|  61|0x0000000083d00000, 0x0000000083e00000, 0x0000000083e00000|100%| O|  |TAMS 0x0000000083e00000, 0x0000000083e00000| Untracked 
|  62|0x0000000083e00000, 0x0000000083f00000, 0x0000000083f00000|100%| O|  |TAMS 0x0000000083f00000, 0x0000000083f00000| Untracked 
|  63|0x0000000083f00000, 0x0000000084000000, 0x0000000084000000|100%| O|  |TAMS 0x0000000084000000, 0x0000000084000000| Untracked 
|  64|0x0000000084000000, 0x0000000084100000, 0x0000000084100000|100%| O|  |TAMS 0x0000000084100000, 0x0000000084100000| Untracked 
|  65|0x0000000084100000, 0x0000000084200000, 0x0000000084200000|100%| O|  |TAMS 0x0000000084200000, 0x0000000084200000| Untracked 
|  66|0x0000000084200000, 0x0000000084300000, 0x0000000084300000|100%| O|  |TAMS 0x0000000084300000, 0x0000000084300000| Untracked 
|  67|0x0000000084300000, 0x0000000084400000, 0x0000000084400000|100%| O|  |TAMS 0x0000000084400000, 0x0000000084400000| Untracked 
|  68|0x0000000084400000, 0x0000000084500000, 0x0000000084500000|100%| O|  |TAMS 0x0000000084500000, 0x0000000084500000| Untracked 
|  69|0x0000000084500000, 0x0000000084600000, 0x0000000084600000|100%| O|  |TAMS 0x0000000084600000, 0x0000000084600000| Untracked 
|  70|0x0000000084600000, 0x0000000084700000, 0x0000000084700000|100%| O|  |TAMS 0x0000000084700000, 0x0000000084700000| Untracked 
|  71|0x0000000084700000, 0x0000000084800000, 0x0000000084800000|100%| O|  |TAMS 0x0000000084800000, 0x0000000084800000| Untracked 
|  72|0x0000000084800000, 0x0000000084900000, 0x0000000084900000|100%| O|  |TAMS 0x000000008480f600, 0x0000000084900000| Untracked 
|  73|0x0000000084900000, 0x0000000084a00000, 0x0000000084a00000|100%| O|  |TAMS 0x0000000084900000, 0x0000000084a00000| Untracked 
|  74|0x0000000084a00000, 0x0000000084b00000, 0x0000000084b00000|100%| O|  |TAMS 0x0000000084a00000, 0x0000000084b00000| Untracked 
|  75|0x0000000084b00000, 0x0000000084c00000, 0x0000000084c00000|100%| O|  |TAMS 0x0000000084b00000, 0x0000000084c00000| Untracked 
|  76|0x0000000084c00000, 0x0000000084d00000, 0x0000000084d00000|100%| O|  |TAMS 0x0000000084c00000, 0x0000000084d00000| Untracked 
|  77|0x0000000084d00000, 0x0000000084e00000, 0x0000000084e00000|100%| O|  |TAMS 0x0000000084d00000, 0x0000000084e00000| Untracked 
|  78|0x0000000084e00000, 0x0000000084e45c00, 0x0000000084f00000| 27%| O|  |TAMS 0x0000000084e00000, 0x0000000084e45c00| Untracked 
|  79|0x0000000084f00000, 0x0000000084f00000, 0x0000000085000000|  0%| F|  |TAMS 0x0000000084f00000, 0x0000000084f00000| Untracked 
|  80|0x0000000085000000, 0x0000000085000000, 0x0000000085100000|  0%| F|  |TAMS 0x0000000085000000, 0x0000000085000000| Untracked 
|  81|0x0000000085100000, 0x0000000085100000, 0x0000000085200000|  0%| F|  |TAMS 0x0000000085100000, 0x0000000085100000| Untracked 
|  82|0x0000000085200000, 0x0000000085200000, 0x0000000085300000|  0%| F|  |TAMS 0x0000000085200000, 0x0000000085200000| Untracked 
|  83|0x0000000085300000, 0x0000000085300000, 0x0000000085400000|  0%| F|  |TAMS 0x0000000085300000, 0x0000000085300000| Untracked 
|  84|0x0000000085400000, 0x0000000085400000, 0x0000000085500000|  0%| F|  |TAMS 0x0000000085400000, 0x0000000085400000| Untracked 
|  85|0x0000000085500000, 0x0000000085500000, 0x0000000085600000|  0%| F|  |TAMS 0x0000000085500000, 0x0000000085500000| Untracked 
|  86|0x0000000085600000, 0x0000000085600000, 0x0000000085700000|  0%| F|  |TAMS 0x0000000085600000, 0x0000000085600000| Untracked 
|  87|0x0000000085700000, 0x0000000085700000, 0x0000000085800000|  0%| F|  |TAMS 0x0000000085700000, 0x0000000085700000| Untracked 
|  88|0x0000000085800000, 0x0000000085800000, 0x0000000085900000|  0%| F|  |TAMS 0x0000000085800000, 0x0000000085800000| Untracked 
|  89|0x0000000085900000, 0x0000000085900000, 0x0000000085a00000|  0%| F|  |TAMS 0x0000000085900000, 0x0000000085900000| Untracked 
|  90|0x0000000085a00000, 0x0000000085a00000, 0x0000000085b00000|  0%| F|  |TAMS 0x0000000085a00000, 0x0000000085a00000| Untracked 
|  91|0x0000000085b00000, 0x0000000085b00000, 0x0000000085c00000|  0%| F|  |TAMS 0x0000000085b00000, 0x0000000085b00000| Untracked 
|  92|0x0000000085c00000, 0x0000000085c00000, 0x0000000085d00000|  0%| F|  |TAMS 0x0000000085c00000, 0x0000000085c00000| Untracked 
|  93|0x0000000085d00000, 0x0000000085d00000, 0x0000000085e00000|  0%| F|  |TAMS 0x0000000085d00000, 0x0000000085d00000| Untracked 
|  94|0x0000000085e00000, 0x0000000085e00000, 0x0000000085f00000|  0%| F|  |TAMS 0x0000000085e00000, 0x0000000085e00000| Untracked 
|  95|0x0000000085f00000, 0x0000000085f00000, 0x0000000086000000|  0%| F|  |TAMS 0x0000000085f00000, 0x0000000085f00000| Untracked 
|  96|0x0000000086000000, 0x0000000086000000, 0x0000000086100000|  0%| F|  |TAMS 0x0000000086000000, 0x0000000086000000| Untracked 
|  97|0x0000000086100000, 0x0000000086100000, 0x0000000086200000|  0%| F|  |TAMS 0x0000000086100000, 0x0000000086100000| Untracked 
|  98|0x0000000086200000, 0x0000000086200000, 0x0000000086300000|  0%| F|  |TAMS 0x0000000086200000, 0x0000000086200000| Untracked 
|  99|0x0000000086300000, 0x00000000863568c0, 0x0000000086400000| 33%| S|CS|TAMS 0x0000000086300000, 0x0000000086300000| Complete 
| 100|0x0000000086400000, 0x0000000086500000, 0x0000000086500000|100%| S|CS|TAMS 0x0000000086400000, 0x0000000086400000| Complete 
| 101|0x0000000086500000, 0x0000000086500000, 0x0000000086600000|  0%| F|  |TAMS 0x0000000086500000, 0x0000000086500000| Untracked 
| 102|0x0000000086600000, 0x0000000086600000, 0x0000000086700000|  0%| F|  |TAMS 0x0000000086600000, 0x0000000086600000| Untracked 
| 103|0x0000000086700000, 0x0000000086700000, 0x0000000086800000|  0%| F|  |TAMS 0x0000000086700000, 0x0000000086700000| Untracked 
| 104|0x0000000086800000, 0x0000000086800000, 0x0000000086900000|  0%| F|  |TAMS 0x0000000086800000, 0x0000000086800000| Untracked 
| 105|0x0000000086900000, 0x0000000086900000, 0x0000000086a00000|  0%| F|  |TAMS 0x0000000086900000, 0x0000000086900000| Untracked 
| 106|0x0000000086a00000, 0x0000000086a00000, 0x0000000086b00000|  0%| F|  |TAMS 0x0000000086a00000, 0x0000000086a00000| Untracked 
| 107|0x0000000086b00000, 0x0000000086b00000, 0x0000000086c00000|  0%| F|  |TAMS 0x0000000086b00000, 0x0000000086b00000| Untracked 
| 108|0x0000000086c00000, 0x0000000086c00000, 0x0000000086d00000|  0%| F|  |TAMS 0x0000000086c00000, 0x0000000086c00000| Untracked 
| 109|0x0000000086d00000, 0x0000000086d00000, 0x0000000086e00000|  0%| F|  |TAMS 0x0000000086d00000, 0x0000000086d00000| Untracked 
| 110|0x0000000086e00000, 0x0000000086e00000, 0x0000000086f00000|  0%| F|  |TAMS 0x0000000086e00000, 0x0000000086e00000| Untracked 
| 111|0x0000000086f00000, 0x0000000086f00000, 0x0000000087000000|  0%| F|  |TAMS 0x0000000086f00000, 0x0000000086f00000| Untracked 
| 112|0x0000000087000000, 0x0000000087000000, 0x0000000087100000|  0%| F|  |TAMS 0x0000000087000000, 0x0000000087000000| Untracked 
| 113|0x0000000087100000, 0x0000000087100000, 0x0000000087200000|  0%| F|  |TAMS 0x0000000087100000, 0x0000000087100000| Untracked 
| 114|0x0000000087200000, 0x0000000087200000, 0x0000000087300000|  0%| F|  |TAMS 0x0000000087200000, 0x0000000087200000| Untracked 
| 115|0x0000000087300000, 0x0000000087300000, 0x0000000087400000|  0%| F|  |TAMS 0x0000000087300000, 0x0000000087300000| Untracked 
| 116|0x0000000087400000, 0x0000000087400000, 0x0000000087500000|  0%| F|  |TAMS 0x0000000087400000, 0x0000000087400000| Untracked 
| 117|0x0000000087500000, 0x0000000087500000, 0x0000000087600000|  0%| F|  |TAMS 0x0000000087500000, 0x0000000087500000| Untracked 
| 118|0x0000000087600000, 0x0000000087600000, 0x0000000087700000|  0%| F|  |TAMS 0x0000000087600000, 0x0000000087600000| Untracked 
| 119|0x0000000087700000, 0x0000000087700000, 0x0000000087800000|  0%| F|  |TAMS 0x0000000087700000, 0x0000000087700000| Untracked 
| 120|0x0000000087800000, 0x0000000087800000, 0x0000000087900000|  0%| F|  |TAMS 0x0000000087800000, 0x0000000087800000| Untracked 
| 121|0x0000000087900000, 0x0000000087900000, 0x0000000087a00000|  0%| F|  |TAMS 0x0000000087900000, 0x0000000087900000| Untracked 
| 122|0x0000000087a00000, 0x0000000087a00000, 0x0000000087b00000|  0%| F|  |TAMS 0x0000000087a00000, 0x0000000087a00000| Untracked 
| 123|0x0000000087b00000, 0x0000000087b00000, 0x0000000087c00000|  0%| F|  |TAMS 0x0000000087b00000, 0x0000000087b00000| Untracked 
| 124|0x0000000087c00000, 0x0000000087c00000, 0x0000000087d00000|  0%| F|  |TAMS 0x0000000087c00000, 0x0000000087c00000| Untracked 
| 125|0x0000000087d00000, 0x0000000087d00000, 0x0000000087e00000|  0%| F|  |TAMS 0x0000000087d00000, 0x0000000087d00000| Untracked 
| 126|0x0000000087e00000, 0x0000000087e00000, 0x0000000087f00000|  0%| F|  |TAMS 0x0000000087e00000, 0x0000000087e00000| Untracked 
| 127|0x0000000087f00000, 0x0000000087f00000, 0x0000000088000000|  0%| F|  |TAMS 0x0000000087f00000, 0x0000000087f00000| Untracked 
| 128|0x0000000088000000, 0x0000000088000000, 0x0000000088100000|  0%| F|  |TAMS 0x0000000088000000, 0x0000000088000000| Untracked 
| 129|0x0000000088100000, 0x0000000088100000, 0x0000000088200000|  0%| F|  |TAMS 0x0000000088100000, 0x0000000088100000| Untracked 
| 130|0x0000000088200000, 0x0000000088200000, 0x0000000088300000|  0%| F|  |TAMS 0x0000000088200000, 0x0000000088200000| Untracked 
| 131|0x0000000088300000, 0x0000000088300000, 0x0000000088400000|  0%| F|  |TAMS 0x0000000088300000, 0x0000000088300000| Untracked 
| 132|0x0000000088400000, 0x0000000088400000, 0x0000000088500000|  0%| F|  |TAMS 0x0000000088400000, 0x0000000088400000| Untracked 
| 133|0x0000000088500000, 0x0000000088500000, 0x0000000088600000|  0%| F|  |TAMS 0x0000000088500000, 0x0000000088500000| Untracked 
| 134|0x0000000088600000, 0x0000000088600000, 0x0000000088700000|  0%| F|  |TAMS 0x0000000088600000, 0x0000000088600000| Untracked 
| 135|0x0000000088700000, 0x0000000088700000, 0x0000000088800000|  0%| F|  |TAMS 0x0000000088700000, 0x0000000088700000| Untracked 
| 136|0x0000000088800000, 0x0000000088800000, 0x0000000088900000|  0%| F|  |TAMS 0x0000000088800000, 0x0000000088800000| Untracked 
| 137|0x0000000088900000, 0x0000000088900000, 0x0000000088a00000|  0%| F|  |TAMS 0x0000000088900000, 0x0000000088900000| Untracked 

Card table byte_map: [0x00000258fd5f0000,0x00000258fd9f0000] _byte_map_base: 0x00000258fd1f0000

Marking Bits (Prev, Next): (CMBitMap*) 0x00000258fce6d1c0, (CMBitMap*) 0x00000258fce6d180
 Prev Bits: [0x0000025896a80000, 0x0000025898a80000)
 Next Bits: [0x00000258fddf0000, 0x00000258ffdf0000)

Polling page: 0x00000258fac90000

Metaspace:

Usage:
  Non-class:     65.29 MB used.
      Class:     10.62 MB used.
       Both:     75.91 MB used.

Virtual space:
  Non-class space:      128.00 MB reserved,      65.69 MB ( 51%) committed,  2 nodes.
      Class space:      416.00 MB reserved,      11.00 MB (  3%) committed,  1 nodes.
             Both:      544.00 MB reserved,      76.69 MB ( 14%) committed. 

Chunk freelists:
   Non-Class:  14.19 MB
       Class:  4.84 MB
        Both:  19.03 MB

MaxMetaspaceSize: 512.00 MB
CompressedClassSpaceSize: 416.00 MB
Initial GC threshold: 21.00 MB
Current GC threshold: 127.12 MB
CDS: on
MetaspaceReclaimPolicy: balanced
 - commit_granule_bytes: 65536.
 - commit_granule_words: 8192.
 - virtual_space_node_default_size: 8388608.
 - enlarge_chunks_in_place: 1.
 - new_chunks_are_fully_committed: 0.
 - uncommit_free_chunks: 1.
 - use_allocation_guard: 0.
 - handle_deallocations: 1.


Internal statistics:

num_allocs_failed_limit: 9.
num_arena_births: 1076.
num_arena_deaths: 0.
num_vsnodes_births: 3.
num_vsnodes_deaths: 0.
num_space_committed: 1227.
num_space_uncommitted: 0.
num_chunks_returned_to_freelist: 9.
num_chunks_taken_from_freelist: 4333.
num_chunk_merges: 9.
num_chunk_splits: 2750.
num_chunks_enlarged: 1708.
num_inconsistent_stats: 0.

CodeHeap 'non-profiled nmethods': size=120000Kb used=5676Kb max_used=5676Kb free=114323Kb
 bounds [0x000002588f550000, 0x000002588fae0000, 0x0000025896a80000]
CodeHeap 'profiled nmethods': size=120000Kb used=19909Kb max_used=19909Kb free=100090Kb
 bounds [0x0000025887a80000, 0x0000025888e00000, 0x000002588efb0000]
CodeHeap 'non-nmethods': size=5760Kb used=2450Kb max_used=2542Kb free=3309Kb
 bounds [0x000002588efb0000, 0x000002588f240000, 0x000002588f550000]
 total_blobs=11117 nmethods=10160 adapters=865
 compilation: enabled
              stopped_count=0, restarted_count=0
 full_count=0

Compilation events (20 events):
Event: 16.550 Thread 0x000002589b3af220 nmethod 10649 0x000002588faccc90 code [0x000002588facd220, 0x000002588fad38e8]
Event: 16.551 Thread 0x000002589b3af220 10952       4       com.esotericsoftware.kryo.io.Input::readBytes (93 bytes)
Event: 16.556 Thread 0x00000258bdf61ae0 nmethod 10963 0x000002588fad6f90 code [0x000002588fad7180, 0x000002588fad76f0]
Event: 16.556 Thread 0x00000258bdf61ae0 10956       4       java.util.Collections::binarySearch (43 bytes)
Event: 16.558 Thread 0x000002589b3af220 nmethod 10952 0x000002588fad7d10 code [0x000002588fad7ea0, 0x000002588fad81a8]
Event: 16.558 Thread 0x000002589b3af220 10961   !   4       com.google.common.collect.RegularImmutableSortedSet::indexOf (35 bytes)
Event: 16.568 Thread 0x00000258bdf61ae0 nmethod 10956 0x000002588fad8390 code [0x000002588fad8540, 0x000002588fad88d8]
Event: 16.568 Thread 0x00000258bdf61ae0 10953       4       java.util.stream.ReduceOps$3::getOpFlags (28 bytes)
Event: 16.569 Thread 0x000002589b3af220 nmethod 10961 0x000002588fad8c10 code [0x000002588fad8dc0, 0x000002588fad9198]
Event: 16.569 Thread 0x000002589b3af220 10954       4       java.util.stream.ReduceOps$3ReducingSink::begin (14 bytes)
Event: 16.572 Thread 0x000002589b3af220 nmethod 10954 0x000002588fad9510 code [0x000002588fad9680, 0x000002588fad97f8]
Event: 16.572 Thread 0x000002589b3af220 10950       4       org.gradle.internal.hash.HashCode::fromBytes (47 bytes)
Event: 16.575 Thread 0x00000258bdf61ae0 nmethod 10953 0x000002588fad9890 code [0x000002588fad9a20, 0x000002588fad9bb8]
Event: 16.576 Thread 0x00000258bdf61ae0 10951   !   4       org.gradle.internal.serialize.kryo.KryoBackedDecoder::readBytes (23 bytes)
Event: 16.583 Thread 0x000002589b3af220 nmethod 10950 0x000002588fad9d90 code [0x000002588fad9f20, 0x000002588fada3b8]
Event: 16.583 Thread 0x000002589b3af220 10964       4       java.nio.HeapByteBuffer::<init> (21 bytes)
Event: 16.584 Thread 0x00000258bdf61ae0 nmethod 10951 0x000002588fada590 code [0x000002588fada740, 0x000002588fadaad8]
Event: 16.584 Thread 0x00000258bdf61ae0 10965       4       org.gradle.internal.snapshot.FileSystemLocationSnapshot$$Lambda$549/0x000002589d49ad10::apply (10 bytes)
Event: 16.586 Thread 0x00000258bdf61ae0 nmethod 10965 0x000002588fadad90 code [0x000002588fadaf20, 0x000002588fadb038]
Event: 16.586 Thread 0x00000258bdf61ae0 10966       4       java.util.concurrent.locks.ReentrantLock$FairSync::tryAcquire (34 bytes)

GC Heap History (20 events):
Event: 12.163 GC heap after
{Heap after GC invocations=21 (full 0):
 garbage-first heap   total 110592K, used 64168K [0x0000000080000000, 0x0000000100000000)
  region size 1024K, 5 young (5120K), 5 survivors (5120K)
 Metaspace       used 66540K, committed 67136K, reserved 491520K
  class space    used 9339K, committed 9600K, reserved 425984K
}
Event: 12.450 GC heap before
{Heap before GC invocations=21 (full 0):
 garbage-first heap   total 110592K, used 91816K [0x0000000080000000, 0x0000000100000000)
  region size 1024K, 32 young (32768K), 5 survivors (5120K)
 Metaspace       used 68248K, committed 68864K, reserved 491520K
  class space    used 9561K, committed 9856K, reserved 425984K
}
Event: 12.455 GC heap after
{Heap after GC invocations=22 (full 0):
 garbage-first heap   total 110592K, used 65262K [0x0000000080000000, 0x0000000100000000)
  region size 1024K, 1 young (1024K), 1 survivors (1024K)
 Metaspace       used 68248K, committed 68864K, reserved 491520K
  class space    used 9561K, committed 9856K, reserved 425984K
}
Event: 12.831 GC heap before
{Heap before GC invocations=23 (full 0):
 garbage-first heap   total 117760K, used 92910K [0x0000000080000000, 0x0000000100000000)
  region size 1024K, 28 young (28672K), 1 survivors (1024K)
 Metaspace       used 69434K, committed 70080K, reserved 491520K
  class space    used 9732K, committed 10048K, reserved 425984K
}
Event: 12.834 GC heap after
{Heap after GC invocations=24 (full 0):
 garbage-first heap   total 117760K, used 66509K [0x0000000080000000, 0x0000000100000000)
  region size 1024K, 3 young (3072K), 3 survivors (3072K)
 Metaspace       used 69434K, committed 70080K, reserved 491520K
  class space    used 9732K, committed 10048K, reserved 425984K
}
Event: 12.860 GC heap before
{Heap before GC invocations=24 (full 0):
 garbage-first heap   total 117760K, used 68557K [0x0000000080000000, 0x0000000100000000)
  region size 1024K, 5 young (5120K), 3 survivors (3072K)
 Metaspace       used 69605K, committed 70208K, reserved 491520K
  class space    used 9757K, committed 10048K, reserved 425984K
}
Event: 12.863 GC heap after
{Heap after GC invocations=25 (full 0):
 garbage-first heap   total 141312K, used 66772K [0x0000000080000000, 0x0000000100000000)
  region size 1024K, 1 young (1024K), 1 survivors (1024K)
 Metaspace       used 69605K, committed 70208K, reserved 491520K
  class space    used 9757K, committed 10048K, reserved 425984K
}
Event: 13.733 GC heap before
{Heap before GC invocations=25 (full 0):
 garbage-first heap   total 141312K, used 111828K [0x0000000080000000, 0x0000000100000000)
  region size 1024K, 46 young (47104K), 1 survivors (1024K)
 Metaspace       used 72339K, committed 73024K, reserved 491520K
  class space    used 10123K, committed 10432K, reserved 425984K
}
Event: 13.739 GC heap after
{Heap after GC invocations=26 (full 0):
 garbage-first heap   total 141312K, used 69516K [0x0000000080000000, 0x0000000100000000)
  region size 1024K, 4 young (4096K), 4 survivors (4096K)
 Metaspace       used 72339K, committed 73024K, reserved 491520K
  class space    used 10123K, committed 10432K, reserved 425984K
}
Event: 14.556 GC heap before
{Heap before GC invocations=27 (full 0):
 garbage-first heap   total 141312K, used 113548K [0x0000000080000000, 0x0000000100000000)
  region size 1024K, 48 young (49152K), 4 survivors (4096K)
 Metaspace       used 75555K, committed 76352K, reserved 557056K
  class space    used 10666K, committed 11072K, reserved 425984K
}
Event: 14.566 GC heap after
{Heap after GC invocations=28 (full 0):
 garbage-first heap   total 141312K, used 73236K [0x0000000080000000, 0x0000000100000000)
  region size 1024K, 6 young (6144K), 6 survivors (6144K)
 Metaspace       used 75555K, committed 76352K, reserved 557056K
  class space    used 10666K, committed 11072K, reserved 425984K
}
Event: 14.581 GC heap before
{Heap before GC invocations=28 (full 0):
 garbage-first heap   total 141312K, used 74260K [0x0000000080000000, 0x0000000100000000)
  region size 1024K, 7 young (7168K), 6 survivors (6144K)
 Metaspace       used 75567K, committed 76416K, reserved 557056K
  class space    used 10666K, committed 11072K, reserved 425984K
}
Event: 14.590 GC heap after
{Heap after GC invocations=29 (full 0):
 garbage-first heap   total 141312K, used 73781K [0x0000000080000000, 0x0000000100000000)
  region size 1024K, 1 young (1024K), 1 survivors (1024K)
 Metaspace       used 75567K, committed 76416K, reserved 557056K
  class space    used 10666K, committed 11072K, reserved 425984K
}
Event: 15.489 GC heap before
{Heap before GC invocations=29 (full 0):
 garbage-first heap   total 141312K, used 114741K [0x0000000080000000, 0x0000000100000000)
  region size 1024K, 42 young (43008K), 1 survivors (1024K)
 Metaspace       used 77176K, committed 78016K, reserved 557056K
  class space    used 10863K, committed 11264K, reserved 425984K
}
Event: 15.496 GC heap after
{Heap after GC invocations=30 (full 0):
 garbage-first heap   total 141312K, used 77096K [0x0000000080000000, 0x0000000100000000)
  region size 1024K, 5 young (5120K), 5 survivors (5120K)
 Metaspace       used 77176K, committed 78016K, reserved 557056K
  class space    used 10863K, committed 11264K, reserved 425984K
}
Event: 16.253 GC heap before
{Heap before GC invocations=31 (full 0):
 garbage-first heap   total 141312K, used 114984K [0x0000000080000000, 0x0000000100000000)
  region size 1024K, 43 young (44032K), 5 survivors (5120K)
 Metaspace       used 77699K, committed 78528K, reserved 557056K
  class space    used 10874K, committed 11264K, reserved 425984K
}
Event: 16.260 GC heap after
{Heap after GC invocations=32 (full 0):
 garbage-first heap   total 141312K, used 79495K [0x0000000080000000, 0x0000000100000000)
  region size 1024K, 3 young (3072K), 3 survivors (3072K)
 Metaspace       used 77699K, committed 78528K, reserved 557056K
  class space    used 10874K, committed 11264K, reserved 425984K
}
Event: 16.286 GC heap before
{Heap before GC invocations=32 (full 0):
 garbage-first heap   total 141312K, used 81543K [0x0000000080000000, 0x0000000100000000)
  region size 1024K, 6 young (6144K), 3 survivors (3072K)
 Metaspace       used 77712K, committed 78528K, reserved 557056K
  class space    used 10874K, committed 11264K, reserved 425984K
}
Event: 16.292 GC heap after
{Heap after GC invocations=33 (full 0):
 garbage-first heap   total 141312K, used 79664K [0x0000000080000000, 0x0000000100000000)
  region size 1024K, 1 young (1024K), 1 survivors (1024K)
 Metaspace       used 77712K, committed 78528K, reserved 557056K
  class space    used 10874K, committed 11264K, reserved 425984K
}
Event: 16.591 GC heap before
{Heap before GC invocations=33 (full 0):
 garbage-first heap   total 141312K, used 115504K [0x0000000080000000, 0x0000000100000000)
  region size 1024K, 37 young (37888K), 1 survivors (1024K)
 Metaspace       used 77735K, committed 78528K, reserved 557056K
  class space    used 10874K, committed 11264K, reserved 425984K
}

Dll operation events (15 events):
Event: 0.017 Loaded shared library C:\Program Files\Microsoft\jdk-17.0.13.11-hotspot\bin\java.dll
Event: 0.037 Loaded shared library C:\Program Files\Microsoft\jdk-17.0.13.11-hotspot\bin\jsvml.dll
Event: 0.091 Loaded shared library C:\Program Files\Microsoft\jdk-17.0.13.11-hotspot\bin\zip.dll
Event: 0.095 Loaded shared library C:\Program Files\Microsoft\jdk-17.0.13.11-hotspot\bin\instrument.dll
Event: 0.099 Loaded shared library C:\Program Files\Microsoft\jdk-17.0.13.11-hotspot\bin\net.dll
Event: 0.100 Loaded shared library C:\Program Files\Microsoft\jdk-17.0.13.11-hotspot\bin\nio.dll
Event: 0.102 Loaded shared library C:\Program Files\Microsoft\jdk-17.0.13.11-hotspot\bin\zip.dll
Event: 0.329 Loaded shared library C:\Program Files\Microsoft\jdk-17.0.13.11-hotspot\bin\jimage.dll
Event: 0.527 Loaded shared library C:\Program Files\Microsoft\jdk-17.0.13.11-hotspot\bin\verify.dll
Event: 0.731 Loaded shared library C:\Users\hp\.gradle\native\c067742578af261105cb4f569cf0c3c89f3d7b1fecec35dd04571415982c5e48\windows-amd64\native-platform.dll
Event: 0.749 Loaded shared library C:\Users\hp\.gradle\native\100fb08df4bc3b14c8652ba06237920a3bd2aa13389f12d3474272988ae205f9\windows-amd64\native-platform-file-events.dll
Event: 1.877 Loaded shared library C:\Program Files\Microsoft\jdk-17.0.13.11-hotspot\bin\management.dll
Event: 1.879 Loaded shared library C:\Program Files\Microsoft\jdk-17.0.13.11-hotspot\bin\management_ext.dll
Event: 2.064 Loaded shared library C:\Program Files\Microsoft\jdk-17.0.13.11-hotspot\bin\extnet.dll
Event: 2.299 Loaded shared library C:\Program Files\Microsoft\jdk-17.0.13.11-hotspot\bin\sunmscapi.dll

Deoptimization events (20 events):
Event: 16.281 Thread 0x00000258bec24590 Uncommon trap: trap_request=0xffffff45 fr.pc=0x000002588f9fb43c relative=0x0000000000001e5c
Event: 16.281 Thread 0x00000258bec24590 Uncommon trap: reason=unstable_if action=reinterpret pc=0x000002588f9fb43c method=java.util.concurrent.ConcurrentHashMap.addCount(JI)V @ 171 c2
Event: 16.281 Thread 0x00000258bec24590 DEOPT PACKING pc=0x000002588f9fb43c sp=0x000000dfba6fdf10
Event: 16.281 Thread 0x00000258bec24590 DEOPT UNPACKING pc=0x000002588f0069a3 sp=0x000000dfba6fdde0 mode 2
Event: 16.281 Thread 0x00000258bb3bf540 Uncommon trap: trap_request=0xffffff45 fr.pc=0x000002588faad378 relative=0x00000000000012d8
Event: 16.281 Thread 0x00000258bb3bf540 Uncommon trap: reason=unstable_if action=reinterpret pc=0x000002588faad378 method=java.util.concurrent.ConcurrentHashMap.putVal(Ljava/lang/Object;Ljava/lang/Object;Z)Ljava/lang/Object; @ 112 c2
Event: 16.281 Thread 0x00000258bb3bf540 DEOPT PACKING pc=0x000002588faad378 sp=0x000000dfb7bf7f90
Event: 16.281 Thread 0x00000258bb3bf540 DEOPT UNPACKING pc=0x000002588f0069a3 sp=0x000000dfb7bf7f20 mode 2
Event: 16.282 Thread 0x00000258bec23b70 Uncommon trap: trap_request=0xffffff45 fr.pc=0x000002588f64198c relative=0x000000000000102c
Event: 16.282 Thread 0x00000258bec23b70 Uncommon trap: reason=unstable_if action=reinterpret pc=0x000002588f64198c method=java.util.concurrent.ConcurrentHashMap.transfer([Ljava/util/concurrent/ConcurrentHashMap$Node;[Ljava/util/concurrent/ConcurrentHashMap$Node;)V @ 347 c2
Event: 16.282 Thread 0x00000258bec23b70 DEOPT PACKING pc=0x000002588f64198c sp=0x000000dfba5fe2e0
Event: 16.282 Thread 0x00000258bec23b70 DEOPT UNPACKING pc=0x000002588f0069a3 sp=0x000000dfba5fe240 mode 2
Event: 16.282 Thread 0x00000258bec23b70 Uncommon trap: trap_request=0xffffff45 fr.pc=0x000002588f9fb43c relative=0x0000000000001e5c
Event: 16.282 Thread 0x00000258bec23b70 Uncommon trap: reason=unstable_if action=reinterpret pc=0x000002588f9fb43c method=java.util.concurrent.ConcurrentHashMap.addCount(JI)V @ 171 c2
Event: 16.282 Thread 0x00000258bec23b70 DEOPT PACKING pc=0x000002588f9fb43c sp=0x000000dfba5fe3c0
Event: 16.282 Thread 0x00000258bec23b70 DEOPT UNPACKING pc=0x000002588f0069a3 sp=0x000000dfba5fe290 mode 2
Event: 16.362 Thread 0x00000258bec21800 Uncommon trap: trap_request=0xfffffff4 fr.pc=0x000002588fac3338 relative=0x0000000000000bd8
Event: 16.362 Thread 0x00000258bec21800 Uncommon trap: reason=null_check action=make_not_entrant pc=0x000002588fac3338 method=org.gradle.tooling.internal.provider.runner.ClientBuildEventGenerator$Enabled.accept(Lorg/gradle/internal/operations/BuildOperationDescriptor;)Lorg/gradle/tooling/intern
Event: 16.362 Thread 0x00000258bec21800 DEOPT PACKING pc=0x000002588fac3338 sp=0x000000dfbabfe960
Event: 16.362 Thread 0x00000258bec21800 DEOPT UNPACKING pc=0x000002588f0069a3 sp=0x000000dfbabfe898 mode 2

Classes loaded (20 events):
Event: 15.220 Loading class java/util/AbstractCollectionBeanInfo
Event: 15.220 Loading class java/util/AbstractCollectionBeanInfo done
Event: 15.220 Loading class java/util/AbstractCollectionBeanInfo
Event: 15.220 Loading class java/util/AbstractCollectionBeanInfo done
Event: 15.220 Loading class java/util/AbstractCollectionCustomizer
Event: 15.220 Loading class java/util/AbstractCollectionCustomizer done
Event: 15.220 Loading class java/util/AbstractCollectionCustomizer
Event: 15.220 Loading class java/util/AbstractCollectionCustomizer done
Event: 15.221 Loading class sun/reflect/generics/reflectiveObjects/GenericArrayTypeImpl
Event: 15.221 Loading class sun/reflect/generics/reflectiveObjects/GenericArrayTypeImpl done
Event: 15.589 Loading class sun/security/ssl/Alert
Event: 15.590 Loading class sun/security/ssl/Alert done
Event: 15.590 Loading class sun/security/ssl/Alert$AlertConsumer
Event: 15.591 Loading class sun/security/ssl/Alert$AlertConsumer done
Event: 15.591 Loading class sun/security/ssl/Alert$Level
Event: 15.591 Loading class sun/security/ssl/Alert$Level done
Event: 15.592 Loading class java/util/Collections$ReverseComparator
Event: 15.592 Loading class java/util/Collections$ReverseComparator done
Event: 15.592 Loading class java/util/Collections$ReverseComparator2
Event: 15.592 Loading class java/util/Collections$ReverseComparator2 done

Classes unloaded (0 events):
No events

Classes redefined (0 events):
No events

Internal exceptions (20 events):
Event: 15.218 Thread 0x00000258bb3bf540 Exception <a 'java/lang/ClassNotFoundException'{0x000000008673d9e8}: org/gradle/api/internal/DefaultNamedDomainObjectCollectionBeanInfo> (0x000000008673d9e8) 
thrown [s\src\hotspot\share\classfile\systemDictionary.cpp, line 256]
Event: 15.219 Thread 0x00000258bb3bf540 Exception <a 'java/lang/ClassNotFoundException'{0x00000000867535b8}: org/gradle/api/internal/DefaultDomainObjectCollectionBeanInfo> (0x00000000867535b8) 
thrown [s\src\hotspot\share\classfile\systemDictionary.cpp, line 256]
Event: 15.220 Thread 0x00000258bb3bf540 Exception <a 'java/lang/ClassNotFoundException'{0x000000008675b388}: java/util/AbstractCollectionBeanInfo> (0x000000008675b388) 
thrown [s\src\hotspot\share\classfile\systemDictionary.cpp, line 256]
Event: 15.220 Thread 0x00000258bb3bf540 Exception <a 'java/lang/ClassNotFoundException'{0x0000000086763120}: java/util/AbstractCollectionCustomizer> (0x0000000086763120) 
thrown [s\src\hotspot\share\classfile\systemDictionary.cpp, line 256]
Event: 15.222 Thread 0x00000258bb3bf540 Exception <a 'java/lang/ClassNotFoundException'{0x00000000867829d0}: org/gradle/api/internal/DefaultDomainObjectCollectionCustomizer> (0x00000000867829d0) 
thrown [s\src\hotspot\share\classfile\systemDictionary.cpp, line 256]
Event: 15.224 Thread 0x00000258bb3bf540 Exception <a 'java/lang/ClassNotFoundException'{0x00000000867b8868}: org/gradle/api/internal/DefaultNamedDomainObjectCollectionCustomizer> (0x00000000867b8868) 
thrown [s\src\hotspot\share\classfile\systemDictionary.cpp, line 256]
Event: 15.227 Thread 0x00000258bb3bf540 Exception <a 'java/lang/ClassNotFoundException'{0x00000000867f7168}: org/gradle/api/internal/DefaultNamedDomainObjectListCustomizer> (0x00000000867f7168) 
thrown [s\src\hotspot\share\classfile\systemDictionary.cpp, line 256]
Event: 15.229 Thread 0x00000258bb3bf540 Exception <a 'java/lang/ClassNotFoundException'{0x000000008662caf0}: org/gradle/api/internal/artifacts/DefaultArtifactRepositoryContainerCustomizer> (0x000000008662caf0) 
thrown [s\src\hotspot\share\classfile\systemDictionary.cpp, line 256]
Event: 15.231 Thread 0x00000258bb3bf540 Exception <a 'java/lang/ClassNotFoundException'{0x00000000866569a8}: org/gradle/api/internal/artifacts/dsl/DefaultRepositoryHandlerCustomizer> (0x00000000866569a8) 
thrown [s\src\hotspot\share\classfile\systemDictionary.cpp, line 256]
Event: 15.234 Thread 0x00000258bb3bf540 Exception <a 'java/lang/ClassNotFoundException'{0x000000008668f1f8}: org/gradle/api/internal/artifacts/dsl/DefaultRepositoryHandler_DecoratedCustomizer> (0x000000008668f1f8) 
thrown [s\src\hotspot\share\classfile\systemDictionary.cpp, line 256]
Event: 15.250 Thread 0x00000258bb3bf540 Exception <a 'java/lang/ClassNotFoundException'{0x0000000086536f10}: org/gradle/api/internal/artifacts/dsl/dependencies/DefaultDependencyHandler_DecoratedBeanInfo> (0x0000000086536f10) 
thrown [s\src\hotspot\share\classfile\systemDictionary.cpp, line 256]
Event: 15.251 Thread 0x00000258bb3bf540 Exception <a 'java/lang/ClassNotFoundException'{0x000000008654eb68}: org/gradle/api/internal/artifacts/dsl/dependencies/DefaultDependencyHandlerBeanInfo> (0x000000008654eb68) 
thrown [s\src\hotspot\share\classfile\systemDictionary.cpp, line 256]
Event: 15.252 Thread 0x00000258bb3bf540 Exception <a 'java/lang/ClassNotFoundException'{0x0000000086565ce0}: org/gradle/api/internal/artifacts/dsl/dependencies/DefaultDependencyHandlerCustomizer> (0x0000000086565ce0) 
thrown [s\src\hotspot\share\classfile\systemDictionary.cpp, line 256]
Event: 15.257 Thread 0x00000258bb3bf540 Exception <a 'java/lang/ClassNotFoundException'{0x00000000865a5508}: org/gradle/api/internal/artifacts/dsl/dependencies/DefaultDependencyHandler_DecoratedCustomizer> (0x00000000865a5508) 
thrown [s\src\hotspot\share\classfile\systemDictionary.cpp, line 256]
Event: 15.900 Thread 0x00000258c05b24e0 Exception <a 'sun/nio/fs/WindowsException'{0x0000000087b84990}> (0x0000000087b84990) 
thrown [s\src\hotspot\share\prims\jni.cpp, line 516]
Event: 15.900 Thread 0x00000258c05b24e0 Exception <a 'sun/nio/fs/WindowsException'{0x0000000087b871f8}> (0x0000000087b871f8) 
thrown [s\src\hotspot\share\prims\jni.cpp, line 516]
Event: 15.901 Thread 0x00000258c05b24e0 Exception <a 'sun/nio/fs/WindowsException'{0x0000000087b8aac0}> (0x0000000087b8aac0) 
thrown [s\src\hotspot\share\prims\jni.cpp, line 516]
Event: 15.901 Thread 0x00000258c05b24e0 Exception <a 'sun/nio/fs/WindowsException'{0x0000000087b8cd70}> (0x0000000087b8cd70) 
thrown [s\src\hotspot\share\prims\jni.cpp, line 516]
Event: 16.037 Thread 0x00000258bec212f0 Implicit null exception at 0x000002588faa0b60 to 0x000002588faa0bf8
Event: 16.362 Thread 0x00000258bec21800 Implicit null exception at 0x000002588fac2c0a to 0x000002588fac3318

VM Operations (20 events):
Event: 14.870 Executing VM operation: ICBufferFull done
Event: 15.296 Executing VM operation: HandshakeAllThreads
Event: 15.296 Executing VM operation: HandshakeAllThreads done
Event: 15.417 Executing VM operation: ICBufferFull
Event: 15.417 Executing VM operation: ICBufferFull done
Event: 15.489 Executing VM operation: G1CollectForAllocation
Event: 15.496 Executing VM operation: G1CollectForAllocation done
Event: 15.583 Executing VM operation: G1PauseRemark
Event: 15.588 Executing VM operation: G1PauseRemark done
Event: 15.624 Executing VM operation: G1PauseCleanup
Event: 15.625 Executing VM operation: G1PauseCleanup done
Event: 15.760 Executing VM operation: ICBufferFull
Event: 15.760 Executing VM operation: ICBufferFull done
Event: 16.058 Executing VM operation: ICBufferFull
Event: 16.058 Executing VM operation: ICBufferFull done
Event: 16.253 Executing VM operation: G1CollectForAllocation
Event: 16.260 Executing VM operation: G1CollectForAllocation done
Event: 16.286 Executing VM operation: G1CollectForAllocation
Event: 16.292 Executing VM operation: G1CollectForAllocation done
Event: 16.590 Executing VM operation: G1CollectForAllocation

Memory protections (0 events):
No events

Nmethod flushes (20 events):
Event: 6.906 Thread 0x000002589b3bc920 flushing  nmethod 0x00000258881ccd90
Event: 6.906 Thread 0x000002589b3bc920 flushing  nmethod 0x00000258881db010
Event: 6.906 Thread 0x000002589b3bc920 flushing  nmethod 0x00000258881de390
Event: 6.906 Thread 0x000002589b3bc920 flushing  nmethod 0x00000258881e5e10
Event: 6.906 Thread 0x000002589b3bc920 flushing  nmethod 0x00000258881e8290
Event: 6.906 Thread 0x000002589b3bc920 flushing  nmethod 0x00000258881efa10
Event: 6.906 Thread 0x000002589b3bc920 flushing  nmethod 0x00000258881f0010
Event: 6.906 Thread 0x000002589b3bc920 flushing  nmethod 0x00000258881fc010
Event: 6.906 Thread 0x000002589b3bc920 flushing  nmethod 0x00000258881fce10
Event: 6.906 Thread 0x000002589b3bc920 flushing  nmethod 0x00000258881fdb10
Event: 6.906 Thread 0x000002589b3bc920 flushing  nmethod 0x00000258881fe890
Event: 6.906 Thread 0x000002589b3bc920 flushing  nmethod 0x00000258881fef10
Event: 6.906 Thread 0x000002589b3bc920 flushing  nmethod 0x00000258881ffc90
Event: 6.906 Thread 0x000002589b3bc920 flushing  nmethod 0x0000025888217290
Event: 6.906 Thread 0x000002589b3bc920 flushing  nmethod 0x000002588825df90
Event: 6.906 Thread 0x000002589b3bc920 flushing  nmethod 0x00000258882c0390
Event: 6.906 Thread 0x000002589b3bc920 flushing  nmethod 0x000002588831f190
Event: 12.658 Thread 0x000002589b3bc920 flushing  nmethod 0x000002588f62b910
Event: 12.659 Thread 0x000002589b3bc920 flushing  nmethod 0x000002588f80bc10
Event: 12.660 Thread 0x000002589b3bc920 flushing  nmethod 0x0000025887b19110

Events (20 events):
Event: 14.700 Thread 0x00000258bb3bf540 Thread added: 0x00000258bc94c220
Event: 14.702 Thread 0x00000258bb3bf540 Thread added: 0x00000258bd7b2460
Event: 14.703 Thread 0x00000258bb3bf540 Thread added: 0x00000258bd7b3390
Event: 14.746 Thread 0x00000258bb3bf540 Thread added: 0x00000258bd7b0600
Event: 14.747 Thread 0x00000258bb3bf540 Thread added: 0x00000258bd7b1a40
Event: 14.748 Thread 0x00000258bb3bf540 Thread added: 0x00000258bd7b00f0
Event: 14.749 Thread 0x00000258bb3bf540 Thread added: 0x00000258bd7b2e80
Event: 14.750 Thread 0x00000258bb3bf540 Thread added: 0x00000258bd7b0b10
Event: 14.750 Thread 0x00000258bb3bf540 Thread added: 0x00000258bd7b2970
Event: 14.751 Thread 0x00000258bb3bf540 Thread added: 0x00000258bd7b38a0
Event: 14.865 Thread 0x00000258bb3bf540 Thread added: 0x00000258bd7b1f50
Event: 15.165 Thread 0x00000258bb3bf540 Thread added: 0x00000258bd7b1530
Event: 15.816 Thread 0x00000258c05b24e0 Thread added: 0x00000258bd7b42c0
Event: 15.817 Thread 0x00000258c05b24e0 Thread added: 0x00000258bd7b6630
Event: 15.817 Thread 0x00000258c05b24e0 Thread added: 0x00000258bd7b6b40
Event: 15.817 Thread 0x00000258c05b24e0 Thread added: 0x00000258bd7b51f0
Event: 15.817 Thread 0x00000258c05b24e0 Thread added: 0x00000258bd7b5700
Event: 15.817 Thread 0x00000258c05b24e0 Thread added: 0x00000258bd7b7560
Event: 15.818 Thread 0x00000258c05b24e0 Thread added: 0x00000258bd7b3db0
Event: 15.842 Thread 0x00000258c05b24e0 Thread added: 0x00000258bd7b5c10


Dynamic libraries:
0x00007ff664c20000 - 0x00007ff664c2e000 	C:\Program Files\Microsoft\jdk-17.0.13.11-hotspot\bin\java.exe
0x00007ffe1b200000 - 0x00007ffe1b463000 	C:\WINDOWS\SYSTEM32\ntdll.dll
0x00007ffe1a3d0000 - 0x00007ffe1a498000 	C:\WINDOWS\System32\KERNEL32.DLL
0x00007ffe18be0000 - 0x00007ffe18f92000 	C:\WINDOWS\System32\KERNELBASE.dll
0x00007ffe18830000 - 0x00007ffe1897b000 	C:\WINDOWS\System32\ucrtbase.dll
0x00007ffe0e2d0000 - 0x00007ffe0e2ed000 	C:\Program Files\Microsoft\jdk-17.0.13.11-hotspot\bin\VCRUNTIME140.dll
0x00007ffe09840000 - 0x00007ffe09857000 	C:\Program Files\Microsoft\jdk-17.0.13.11-hotspot\bin\jli.dll
0x00007ffe1a660000 - 0x00007ffe1a828000 	C:\WINDOWS\System32\USER32.dll
0x00007ffdffea0000 - 0x00007ffe00130000 	C:\WINDOWS\WinSxS\amd64_microsoft.windows.common-controls_6595b64144ccf1df_6.0.26100.2454_none_3e0b68a2e331ad60\COMCTL32.dll
0x00007ffe18bb0000 - 0x00007ffe18bd7000 	C:\WINDOWS\System32\win32u.dll
0x00007ffe19250000 - 0x00007ffe192f9000 	C:\WINDOWS\System32\msvcrt.dll
0x00007ffe19150000 - 0x00007ffe1917a000 	C:\WINDOWS\System32\GDI32.dll
0x00007ffe18660000 - 0x00007ffe1878b000 	C:\WINDOWS\System32\gdi32full.dll
0x00007ffe18b00000 - 0x00007ffe18ba3000 	C:\WINDOWS\System32\msvcp_win.dll
0x00007ffe19fe0000 - 0x00007ffe1a00f000 	C:\WINDOWS\System32\IMM32.DLL
0x00007ffe10710000 - 0x00007ffe1071c000 	C:\Program Files\Microsoft\jdk-17.0.13.11-hotspot\bin\vcruntime140_1.dll
0x00007ffdfb0f0000 - 0x00007ffdfb17d000 	C:\Program Files\Microsoft\jdk-17.0.13.11-hotspot\bin\msvcp140.dll
0x00007ffdd93e0000 - 0x00007ffdda051000 	C:\Program Files\Microsoft\jdk-17.0.13.11-hotspot\bin\server\jvm.dll
0x00007ffe1a4a0000 - 0x00007ffe1a554000 	C:\WINDOWS\System32\ADVAPI32.dll
0x00007ffe1af70000 - 0x00007ffe1b016000 	C:\WINDOWS\System32\sechost.dll
0x00007ffe1a830000 - 0x00007ffe1a946000 	C:\WINDOWS\System32\RPCRT4.dll
0x00007ffe1a560000 - 0x00007ffe1a5d4000 	C:\WINDOWS\System32\WS2_32.dll
0x00007ffe18460000 - 0x00007ffe184ae000 	C:\WINDOWS\SYSTEM32\POWRPROF.dll
0x00007ffe00920000 - 0x00007ffe00956000 	C:\WINDOWS\SYSTEM32\WINMM.dll
0x00007ffe094d0000 - 0x00007ffe094db000 	C:\WINDOWS\SYSTEM32\VERSION.dll
0x00007ffe18440000 - 0x00007ffe18454000 	C:\WINDOWS\SYSTEM32\UMPDC.dll
0x00007ffe173d0000 - 0x00007ffe173ea000 	C:\WINDOWS\SYSTEM32\kernel.appcore.dll
0x00007ffe0e7c0000 - 0x00007ffe0e7ca000 	C:\Program Files\Microsoft\jdk-17.0.13.11-hotspot\bin\jimage.dll
0x00007ffe15c30000 - 0x00007ffe15e71000 	C:\WINDOWS\SYSTEM32\DBGHELP.DLL
0x00007ffe1a020000 - 0x00007ffe1a39e000 	C:\WINDOWS\System32\combase.dll
0x00007ffe19070000 - 0x00007ffe19146000 	C:\WINDOWS\System32\OLEAUT32.dll
0x00007ffdf5410000 - 0x00007ffdf5449000 	C:\WINDOWS\SYSTEM32\dbgcore.DLL
0x00007ffe18790000 - 0x00007ffe18829000 	C:\WINDOWS\System32\bcryptPrimitives.dll
0x00007ffe05d20000 - 0x00007ffe05d2e000 	C:\Program Files\Microsoft\jdk-17.0.13.11-hotspot\bin\instrument.dll
0x00007ffe03bc0000 - 0x00007ffe03be5000 	C:\Program Files\Microsoft\jdk-17.0.13.11-hotspot\bin\java.dll
0x00007ffde8030000 - 0x00007ffde8107000 	C:\Program Files\Microsoft\jdk-17.0.13.11-hotspot\bin\jsvml.dll
0x00007ffe198d0000 - 0x00007ffe19fd0000 	C:\WINDOWS\System32\SHELL32.dll
0x00007ffe162c0000 - 0x00007ffe16af1000 	C:\WINDOWS\SYSTEM32\windows.storage.dll
0x00007ffe1ad00000 - 0x00007ffe1adda000 	C:\WINDOWS\System32\SHCORE.dll
0x00007ffe1aee0000 - 0x00007ffe1af3d000 	C:\WINDOWS\System32\shlwapi.dll
0x00007ffe184e0000 - 0x00007ffe1850e000 	C:\WINDOWS\SYSTEM32\profapi.dll
0x00007ffe07880000 - 0x00007ffe07898000 	C:\Program Files\Microsoft\jdk-17.0.13.11-hotspot\bin\zip.dll
0x00007ffe09780000 - 0x00007ffe0979a000 	C:\Program Files\Microsoft\jdk-17.0.13.11-hotspot\bin\net.dll
0x00007ffe0f4c0000 - 0x00007ffe0f5e6000 	C:\WINDOWS\SYSTEM32\WINHTTP.dll
0x00007ffe178b0000 - 0x00007ffe17918000 	C:\WINDOWS\system32\mswsock.dll
0x00007ffe09680000 - 0x00007ffe09696000 	C:\Program Files\Microsoft\jdk-17.0.13.11-hotspot\bin\nio.dll
0x00007ffe075f0000 - 0x00007ffe07600000 	C:\Program Files\Microsoft\jdk-17.0.13.11-hotspot\bin\verify.dll
0x00007ffe02210000 - 0x00007ffe02237000 	C:\Users\hp\.gradle\native\c067742578af261105cb4f569cf0c3c89f3d7b1fecec35dd04571415982c5e48\windows-amd64\native-platform.dll
0x00007ffde4300000 - 0x00007ffde4444000 	C:\Users\hp\.gradle\native\100fb08df4bc3b14c8652ba06237920a3bd2aa13389f12d3474272988ae205f9\windows-amd64\native-platform-file-events.dll
0x00007ffe06cc0000 - 0x00007ffe06cca000 	C:\Program Files\Microsoft\jdk-17.0.13.11-hotspot\bin\management.dll
0x00007ffe05f50000 - 0x00007ffe05f5b000 	C:\Program Files\Microsoft\jdk-17.0.13.11-hotspot\bin\management_ext.dll
0x00007ffe1aed0000 - 0x00007ffe1aed8000 	C:\WINDOWS\System32\PSAPI.DLL
0x00007ffe17c60000 - 0x00007ffe17c7c000 	C:\WINDOWS\SYSTEM32\CRYPTSP.dll
0x00007ffe17330000 - 0x00007ffe17368000 	C:\WINDOWS\system32\rsaenh.dll
0x00007ffe17950000 - 0x00007ffe1797b000 	C:\WINDOWS\SYSTEM32\USERENV.dll
0x00007ffe17df0000 - 0x00007ffe17e16000 	C:\WINDOWS\SYSTEM32\bcrypt.dll
0x00007ffe17ae0000 - 0x00007ffe17aec000 	C:\WINDOWS\SYSTEM32\CRYPTBASE.dll
0x00007ffe16df0000 - 0x00007ffe16e22000 	C:\WINDOWS\SYSTEM32\IPHLPAPI.DLL
0x00007ffe1a3c0000 - 0x00007ffe1a3ca000 	C:\WINDOWS\System32\NSI.dll
0x00007ffe0f630000 - 0x00007ffe0f64e000 	C:\WINDOWS\SYSTEM32\dhcpcsvc6.DLL
0x00007ffe0eea0000 - 0x00007ffe0eec5000 	C:\WINDOWS\SYSTEM32\dhcpcsvc.DLL
0x00007ffe16e80000 - 0x00007ffe16fa5000 	C:\WINDOWS\SYSTEM32\DNSAPI.dll
0x00007ffe05e00000 - 0x00007ffe05e09000 	C:\Program Files\Microsoft\jdk-17.0.13.11-hotspot\bin\extnet.dll
0x00007ffe05b40000 - 0x00007ffe05b4e000 	C:\Program Files\Microsoft\jdk-17.0.13.11-hotspot\bin\sunmscapi.dll
0x00007ffe18980000 - 0x00007ffe18af6000 	C:\WINDOWS\System32\CRYPT32.dll
0x00007ffe17db0000 - 0x00007ffe17de0000 	C:\WINDOWS\SYSTEM32\ncrypt.dll
0x00007ffe17d60000 - 0x00007ffe17d9f000 	C:\WINDOWS\SYSTEM32\NTASN1.dll
0x00007ffe0e7d0000 - 0x00007ffe0e7d8000 	C:\WINDOWS\system32\wshunix.dll
0x00007ffe08820000 - 0x00007ffe0882b000 	C:\Windows\System32\rasadhlp.dll
0x00007ffe09520000 - 0x00007ffe095a5000 	C:\WINDOWS\System32\fwpuclnt.dll
0x00007ffe13930000 - 0x00007ffe13948000 	C:\WINDOWS\system32\napinsp.dll
0x00007ffe06e30000 - 0x00007ffe06e42000 	C:\WINDOWS\System32\winrnr.dll
0x00007ffdfc620000 - 0x00007ffdfc642000 	C:\WINDOWS\system32\nlansp_c.dll
0x00007ffe0f720000 - 0x00007ffe0f736000 	C:\WINDOWS\system32\wshbth.dll

dbghelp: loaded successfully - version: 4.0.5 - missing functions: none
symbol engine: initialized successfully - sym options: 0x614 - pdb path: .;C:\Program Files\Microsoft\jdk-17.0.13.11-hotspot\bin;C:\WINDOWS\SYSTEM32;C:\WINDOWS\WinSxS\amd64_microsoft.windows.common-controls_6595b64144ccf1df_6.0.26100.2454_none_3e0b68a2e331ad60;C:\Program Files\Microsoft\jdk-17.0.13.11-hotspot\bin\server;C:\Users\hp\.gradle\native\c067742578af261105cb4f569cf0c3c89f3d7b1fecec35dd04571415982c5e48\windows-amd64;C:\Users\hp\.gradle\native\100fb08df4bc3b14c8652ba06237920a3bd2aa13389f12d3474272988ae205f9\windows-amd64

VM Arguments:
jvm_args: -XX:MaxMetaspaceSize=512m --add-opens=java.base/java.util=ALL-UNNAMED --add-opens=java.base/java.lang=ALL-UNNAMED --add-opens=java.base/java.lang.invoke=ALL-UNNAMED --add-opens=java.prefs/java.util.prefs=ALL-UNNAMED --add-exports=jdk.compiler/com.sun.tools.javac.api=ALL-UNNAMED --add-exports=jdk.compiler/com.sun.tools.javac.util=ALL-UNNAMED --add-opens=java.base/java.nio.charset=ALL-UNNAMED --add-opens=java.base/java.net=ALL-UNNAMED --add-opens=java.base/java.util.concurrent.atomic=ALL-UNNAMED -Xmx2048m -Dfile.encoding=windows-1252 -Duser.country=IN -Duser.language=en -Duser.variant -javaagent:C:\Users\hp\.gradle\wrapper\dists\gradle-8.10.2-all\7iv73wktx1xtkvlq19urqw1wm\gradle-8.10.2\lib\agents\gradle-instrumentation-agent-8.10.2.jar 
java_command: org.gradle.launcher.daemon.bootstrap.GradleDaemon 8.10.2
java_class_path (initial): C:\Users\hp\.gradle\wrapper\dists\gradle-8.10.2-all\7iv73wktx1xtkvlq19urqw1wm\gradle-8.10.2\lib\gradle-daemon-main-8.10.2.jar
Launcher Type: SUN_STANDARD

[Global flags]
     intx CICompilerCount                          = 4                                         {product} {ergonomic}
   size_t CompressedClassSpaceSize                 = 436207616                                 {product} {ergonomic}
     uint ConcGCThreads                            = 2                                         {product} {ergonomic}
     uint G1ConcRefinementThreads                  = 8                                         {product} {ergonomic}
   size_t G1HeapRegionSize                         = 1048576                                   {product} {ergonomic}
    uintx GCDrainStackTargetSize                   = 64                                        {product} {ergonomic}
   size_t InitialHeapSize                          = 132120576                                 {product} {ergonomic}
   size_t MarkStackSize                            = 4194304                                   {product} {ergonomic}
   size_t MaxHeapSize                              = 2147483648                                {product} {command line}
   size_t MaxMetaspaceSize                         = 536870912                                 {product} {command line}
   size_t MaxNewSize                               = 1287651328                                {product} {ergonomic}
   size_t MinHeapDeltaBytes                        = 1048576                                   {product} {ergonomic}
   size_t MinHeapSize                              = 8388608                                   {product} {ergonomic}
    uintx NonNMethodCodeHeapSize                   = 5839372                                {pd product} {ergonomic}
    uintx NonProfiledCodeHeapSize                  = 122909434                              {pd product} {ergonomic}
    uintx ProfiledCodeHeapSize                     = 122909434                              {pd product} {ergonomic}
    uintx ReservedCodeCacheSize                    = 251658240                              {pd product} {ergonomic}
     bool SegmentedCodeCache                       = true                                      {product} {ergonomic}
   size_t SoftMaxHeapSize                          = 2147483648                             {manageable} {ergonomic}
     bool UseCompressedClassPointers               = true                           {product lp64_product} {ergonomic}
     bool UseCompressedOops                        = true                           {product lp64_product} {ergonomic}
     bool UseG1GC                                  = true                                      {product} {ergonomic}
     bool UseLargePagesIndividualAllocation        = false                                  {pd product} {ergonomic}

Logging:
Log output configuration:
 #0: stdout all=warning uptime,level,tags
 #1: stderr all=off uptime,level,tags

Environment Variables:
JAVA_HOME=C:\Program Files\Microsoft\jdk-17.0.13.11-hotspot\
CLASSPATH=D:\checkkr\firstPro\android\\gradle\wrapper\gradle-wrapper.jar
PATH=D:\checkkr\firstPro\node_modules\.bin;D:\checkkr\firstPro\node_modules\.bin;D:\checkkr\node_modules\.bin;D:\node_modules\.bin;C:\Users\hp\AppData\Roaming\npm\node_modules\npm\node_modules\@npmcli\run-script\lib\node-gyp-bin;D:\checkkr\firstPro\node_modules\.bin;D:\checkkr\node_modules\.bin;D:\node_modules\.bin;C:\Users\hp\AppData\Roaming\npm\node_modules\npm\node_modules\@npmcli\run-script\lib\node-gyp-bin;C:\Program Files\Microsoft\jdk-17.0.13.11-hotspot\bin;C:\WINDOWS\system32;C:\WINDOWS;C:\WINDOWS\System32\Wbem;C:\WINDOWS\System32\WindowsPowerShell\v1.0\;C:\WINDOWS\System32\OpenSSH\;C:\ProgramData\chocolatey\bin;C:\Program Files\Git\cmd;%LOCALAPPDATA%\Android\Sdk\platform-tools;C:\Program Files\nodejs\;C:\Users\hp\AppData\Local\Microsoft\WindowsApps;C:\Users\hp\AppData\Local\Programs\Microsoft VS Code\bin;C:\Users\hp\AppData\Roaming\npm
USERNAME=hp
LANG=en_US.UTF-8
OS=Windows_NT
PROCESSOR_IDENTIFIER=Intel64 Family 6 Model 142 Stepping 12, GenuineIntel
TMP=C:\Users\hp\AppData\Local\Temp
TEMP=C:\Users\hp\AppData\Local\Temp



Periodic native trim disabled


---------------  S Y S T E M  ---------------

OS:
 Windows 11 , 64 bit Build 26100 (10.0.26100.2454)
OS uptime: 3 days 23:47 hours
Hyper-V role detected

CPU: total 8 (initial active 8) (4 cores per cpu, 2 threads per core) family 6 model 142 stepping 12 microcode 0xfa, cx8, cmov, fxsr, ht, mmx, 3dnowpref, sse, sse2, sse3, ssse3, sse4.1, sse4.2, popcnt, lzcnt, tsc, tscinvbit, avx, avx2, aes, erms, clmul, bmi1, bmi2, adx, fma, vzeroupper, clflush, clflushopt, hv
Processor Information for the first 8 processors :
  Max Mhz: 1896, Current Mhz: 1596, Mhz Limit: 1592

Memory: 4k page, system-wide physical 7998M (583M free)
TotalPageFile size 17391M (AvailPageFile size 156M)
current process WorkingSet (physical memory assigned to process): 372M, peak: 375M
current process commit charge ("private bytes"): 413M, peak: 585M

vm_info: OpenJDK 64-Bit Server VM (17.0.13+11-LTS) for windows-amd64 JRE (17.0.13+11-LTS), built on Oct 11 2024 23:25:05 by "MicrosoftCorporation" with unknown MS VC++:1939

END.
