#
# There is insufficient memory for the Java Runtime Environment to continue.
# Native memory allocation (malloc) failed to allocate 1416288 bytes. Error detail: Chunk::new
# Possible reasons:
#   The system is out of physical RAM or swap space
#   This process is running with CompressedOops enabled, and the Java Heap may be blocking the growth of the native heap
# Possible solutions:
#   Reduce memory load on the system
#   Increase physical memory or swap space
#   Check if swap backing store is full
#   Decrease Java heap size (-Xmx/-Xms)
#   Decrease number of Java threads
#   Decrease Java thread stack sizes (-Xss)
#   Set larger code cache with -XX:ReservedCodeCacheSize=
#   JVM is running with Unscaled Compressed Oops mode in which the Java heap is
#     placed in the first 4GB address space. The Java Heap base address is the
#     maximum limit for the native heap growth. Please use -XX:HeapBaseMinAddress
#     to set the Java Heap base and to place the Java Heap above 4GB virtual address.
# This output file may be truncated or incomplete.
#
#  Out of Memory Error (arena.cpp:191), pid=15460, tid=22924
#
# JRE version: OpenJDK Runtime Environment Microsoft-10376486 (17.0.13+11) (build 17.0.13+11-LTS)
# Java VM: OpenJDK 64-Bit Server VM Microsoft-10376486 (17.0.13+11-LTS, mixed mode, sharing, tiered, compressed oops, compressed class ptrs, g1 gc, windows-amd64)
# No core dump will be written. Minidumps are not enabled by default on client versions of Windows
#

---------------  S U M M A R Y ------------

Command Line: -XX:MaxMetaspaceSize=512m --add-opens=java.base/java.util=ALL-UNNAMED --add-opens=java.base/java.lang=ALL-UNNAMED --add-opens=java.base/java.lang.invoke=ALL-UNNAMED --add-opens=java.prefs/java.util.prefs=ALL-UNNAMED --add-exports=jdk.compiler/com.sun.tools.javac.api=ALL-UNNAMED --add-exports=jdk.compiler/com.sun.tools.javac.util=ALL-UNNAMED --add-opens=java.base/java.nio.charset=ALL-UNNAMED --add-opens=java.base/java.net=ALL-UNNAMED --add-opens=java.base/java.util.concurrent.atomic=ALL-UNNAMED -Xmx2048m -Dfile.encoding=windows-1252 -Duser.country=IN -Duser.language=en -Duser.variant -javaagent:C:\Users\hp\.gradle\wrapper\dists\gradle-8.10.2-all\7iv73wktx1xtkvlq19urqw1wm\gradle-8.10.2\lib\agents\gradle-instrumentation-agent-8.10.2.jar org.gradle.launcher.daemon.bootstrap.GradleDaemon 8.10.2

Host: Intel(R) Core(TM) i5-8365U CPU @ 1.60GHz, 8 cores, 7G,  Windows 11 , 64 bit Build 26100 (10.0.26100.2454)
Time: Mon Dec  9 16:10:39 2024 India Standard Time elapsed time: 2.937551 seconds (0d 0h 0m 2s)

---------------  T H R E A D  ---------------

Current thread (0x00000106b6b88790):  JavaThread "C2 CompilerThread1" daemon [_thread_in_native, id=22924, stack(0x0000000123900000,0x0000000123a00000)]


Current CompileTask:
C2:   2937 2254       4       jdk.internal.org.objectweb.asm.Frame::execute (2305 bytes)

Stack: [0x0000000123900000,0x0000000123a00000]
Native frames: (J=compiled Java code, j=interpreted, Vv=VM code, C=native code)
V  [jvm.dll+0x687fc9]
V  [jvm.dll+0x83eeb8]
V  [jvm.dll+0x840963]
V  [jvm.dll+0x840fd3]
V  [jvm.dll+0x24951f]
V  [jvm.dll+0xad0c4]
V  [jvm.dll+0xad75c]
V  [jvm.dll+0x36aafe]
V  [jvm.dll+0x1bcf75]
V  [jvm.dll+0x21a8bc]
V  [jvm.dll+0x219b7f]
V  [jvm.dll+0x1a5506]
V  [jvm.dll+0x22a1ca]
V  [jvm.dll+0x22830b]
V  [jvm.dll+0x7f4708]
V  [jvm.dll+0x7eea6c]
V  [jvm.dll+0x686ea7]
C  [ucrtbase.dll+0x14ea0]
C  [KERNEL32.DLL+0x2e8d7]
C  [ntdll.dll+0xdfbcc]


---------------  P R O C E S S  ---------------

Threads class SMR info:
_java_thread_list=0x00000106d7e59210, length=26, elements={
0x000001069839dd80, 0x00000106b684b6a0, 0x00000106b684c260, 0x00000106b6867dd0,
0x00000106b68686a0, 0x00000106b686a0f0, 0x00000106b686c850, 0x00000106b686ead0,
0x00000106b687bfd0, 0x00000106b688f940, 0x00000106b6987530, 0x00000106b6adda70,
0x00000106b6b88790, 0x00000106d77c4490, 0x00000106d6e6cf80, 0x00000106d78a4c60,
0x00000106d7971af0, 0x00000106d7978290, 0x00000106d7a0eb00, 0x00000106d7a10960,
0x00000106d7a0f520, 0x00000106d7a0fa30, 0x00000106d7a0f010, 0x00000106d7a10450,
0x00000106d7a11380, 0x00000106d7a11890
}

Java Threads: ( => current thread )
  0x000001069839dd80 JavaThread "main" [_thread_blocked, id=6888, stack(0x0000000122600000,0x0000000122700000)]
  0x00000106b684b6a0 JavaThread "Reference Handler" daemon [_thread_blocked, id=10052, stack(0x0000000122d00000,0x0000000122e00000)]
  0x00000106b684c260 JavaThread "Finalizer" daemon [_thread_blocked, id=14920, stack(0x0000000122e00000,0x0000000122f00000)]
  0x00000106b6867dd0 JavaThread "Signal Dispatcher" daemon [_thread_blocked, id=11692, stack(0x0000000122f00000,0x0000000123000000)]
  0x00000106b68686a0 JavaThread "Attach Listener" daemon [_thread_blocked, id=22048, stack(0x0000000123000000,0x0000000123100000)]
  0x00000106b686a0f0 JavaThread "Service Thread" daemon [_thread_blocked, id=2320, stack(0x0000000123100000,0x0000000123200000)]
  0x00000106b686c850 JavaThread "Monitor Deflation Thread" daemon [_thread_blocked, id=15420, stack(0x0000000123200000,0x0000000123300000)]
  0x00000106b686ead0 JavaThread "C2 CompilerThread0" daemon [_thread_in_native, id=9968, stack(0x0000000123300000,0x0000000123400000)]
  0x00000106b687bfd0 JavaThread "C1 CompilerThread0" daemon [_thread_blocked, id=8772, stack(0x0000000123400000,0x0000000123500000)]
  0x00000106b688f940 JavaThread "Sweeper thread" daemon [_thread_blocked, id=20768, stack(0x0000000123500000,0x0000000123600000)]
  0x00000106b6987530 JavaThread "Common-Cleaner" daemon [_thread_blocked, id=13876, stack(0x0000000123600000,0x0000000123700000)]
  0x00000106b6adda70 JavaThread "Notification Thread" daemon [_thread_blocked, id=12408, stack(0x0000000123700000,0x0000000123800000)]
=>0x00000106b6b88790 JavaThread "C2 CompilerThread1" daemon [_thread_in_native, id=22924, stack(0x0000000123900000,0x0000000123a00000)]
  0x00000106d77c4490 JavaThread "Daemon health stats" [_thread_blocked, id=23244, stack(0x0000000123e00000,0x0000000123f00000)]
  0x00000106d6e6cf80 JavaThread "Incoming local TCP Connector on port 64889" [_thread_in_native, id=16316, stack(0x0000000123f00000,0x0000000124000000)]
  0x00000106d78a4c60 JavaThread "Daemon periodic checks" [_thread_blocked, id=1344, stack(0x0000000124000000,0x0000000124100000)]
  0x00000106d7971af0 JavaThread "Daemon" [_thread_blocked, id=18396, stack(0x0000000124100000,0x0000000124200000)]
  0x00000106d7978290 JavaThread "Handler for socket connection from /127.0.0.1:64889 to /127.0.0.1:64892" [_thread_in_native, id=13880, stack(0x0000000124200000,0x0000000124300000)]
  0x00000106d7a0eb00 JavaThread "Cancel handler" [_thread_blocked, id=14328, stack(0x0000000124300000,0x0000000124400000)]
  0x00000106d7a10960 JavaThread "Daemon worker" [_thread_in_Java, id=5348, stack(0x0000000124400000,0x0000000124500000)]
  0x00000106d7a0f520 JavaThread "Asynchronous log dispatcher for DefaultDaemonConnection: socket connection from /127.0.0.1:64889 to /127.0.0.1:64892" [_thread_blocked, id=6344, stack(0x0000000124500000,0x0000000124600000)]
  0x00000106d7a0fa30 JavaThread "Stdin handler" [_thread_blocked, id=13836, stack(0x0000000124600000,0x0000000124700000)]
  0x00000106d7a0f010 JavaThread "Daemon client event forwarder" [_thread_blocked, id=20288, stack(0x0000000124700000,0x0000000124800000)]
  0x00000106d7a10450 JavaThread "Cache worker for journal cache (C:\Users\hp\.gradle\caches\journal-1)" [_thread_blocked, id=12888, stack(0x0000000124800000,0x0000000124900000)]
  0x00000106d7a11380 JavaThread "File lock request listener" [_thread_in_native, id=18248, stack(0x0000000124900000,0x0000000124a00000)]
  0x00000106d7a11890 JavaThread "Cache worker for file hash cache (C:\Users\hp\.gradle\caches\8.10.2\fileHashes)" [_thread_blocked, id=21140, stack(0x0000000124a00000,0x0000000124b00000)]

Other Threads:
  0x00000106b6842a20 VMThread "VM Thread" [stack: 0x0000000122c00000,0x0000000122d00000] [id=11428]
  0x00000106b6a6a5b0 WatcherThread [stack: 0x0000000123800000,0x0000000123900000] [id=10196]
  0x00000106983fb630 GCTaskThread "GC Thread#0" [stack: 0x0000000122700000,0x0000000122800000] [id=18068]
  0x00000106d6465ab0 GCTaskThread "GC Thread#1" [stack: 0x0000000123a00000,0x0000000123b00000] [id=15168]
  0x00000106d662ff80 GCTaskThread "GC Thread#2" [stack: 0x0000000123b00000,0x0000000123c00000] [id=18720]
  0x00000106d6cf9850 GCTaskThread "GC Thread#3" [stack: 0x0000000123c00000,0x0000000123d00000] [id=16184]
  0x00000106d6b995b0 GCTaskThread "GC Thread#4" [stack: 0x0000000123d00000,0x0000000123e00000] [id=10224]
  0x000001069840c580 ConcurrentGCThread "G1 Main Marker" [stack: 0x0000000122800000,0x0000000122900000] [id=7056]
  0x000001069840dc70 ConcurrentGCThread "G1 Conc#0" [stack: 0x0000000122900000,0x0000000122a00000] [id=18744]
  0x00000106b66fc120 ConcurrentGCThread "G1 Refine#0" [stack: 0x0000000122a00000,0x0000000122b00000] [id=15956]
  0x00000106b66fc9f0 ConcurrentGCThread "G1 Service" [stack: 0x0000000122b00000,0x0000000122c00000] [id=15548]

Threads with active compile tasks:
C2 CompilerThread0     2969 2368   !   4       java.lang.ClassLoader::loadClass (121 bytes)
C2 CompilerThread1     2969 2254       4       jdk.internal.org.objectweb.asm.Frame::execute (2305 bytes)

VM state: not at safepoint (normal execution)

VM Mutex/Monitor currently owned by a thread: None

Heap address: 0x0000000080000000, size: 2048 MB, Compressed Oops mode: 32-bit

CDS archive(s) mapped at: [0x00000106b7000000-0x00000106b7bb0000-0x00000106b7bb0000), size 12255232, SharedBaseAddress: 0x00000106b7000000, ArchiveRelocationMode: 1.
Compressed class space mapped at: 0x00000106b8000000-0x00000106d2000000, reserved size: 436207616
Narrow klass base: 0x00000106b7000000, Narrow klass shift: 0, Narrow klass range: 0x100000000

GC Precious Log:
 CPUs: 8 total, 8 available
 Memory: 7998M
 Large Page Support: Disabled
 NUMA Support: Disabled
 Compressed Oops: Enabled (32-bit)
 Heap Region Size: 1M
 Heap Min Capacity: 8M
 Heap Initial Capacity: 126M
 Heap Max Capacity: 2G
 Pre-touch: Disabled
 Parallel Workers: 8
 Concurrent Workers: 2
 Concurrent Refinement Workers: 8
 Periodic GC: Disabled

Heap:
 garbage-first heap   total 129024K, used 73180K [0x0000000080000000, 0x0000000100000000)
  region size 1024K, 60 young (61440K), 5 survivors (5120K)
 Metaspace       used 15134K, committed 15424K, reserved 491520K
  class space    used 2089K, committed 2240K, reserved 425984K

Heap Regions: E=young(eden), S=young(survivor), O=old, HS=humongous(starts), HC=humongous(continues), CS=collection set, F=free, OA=open archive, CA=closed archive, TAMS=top-at-mark-start (previous, next)
|   0|0x0000000080000000, 0x0000000080100000, 0x0000000080100000|100%| O|  |TAMS 0x0000000080000000, 0x0000000080000000| Untracked 
|   1|0x0000000080100000, 0x0000000080200000, 0x0000000080200000|100%| O|  |TAMS 0x0000000080100000, 0x0000000080100000| Untracked 
|   2|0x0000000080200000, 0x0000000080300000, 0x0000000080300000|100%|HS|  |TAMS 0x0000000080200000, 0x0000000080200000| Complete 
|   3|0x0000000080300000, 0x0000000080400000, 0x0000000080400000|100%|HC|  |TAMS 0x0000000080300000, 0x0000000080300000| Complete 
|   4|0x0000000080400000, 0x0000000080500000, 0x0000000080500000|100%|HC|  |TAMS 0x0000000080400000, 0x0000000080400000| Complete 
|   5|0x0000000080500000, 0x0000000080600000, 0x0000000080600000|100%|HC|  |TAMS 0x0000000080500000, 0x0000000080500000| Complete 
|   6|0x0000000080600000, 0x0000000080700000, 0x0000000080700000|100%| O|  |TAMS 0x0000000080600000, 0x0000000080600000| Untracked 
|   7|0x0000000080700000, 0x0000000080800000, 0x0000000080800000|100%| O|  |TAMS 0x0000000080700000, 0x0000000080700000| Untracked 
|   8|0x0000000080800000, 0x0000000080900000, 0x0000000080900000|100%| O|  |TAMS 0x0000000080800000, 0x0000000080800000| Untracked 
|   9|0x0000000080900000, 0x0000000080a00000, 0x0000000080a00000|100%|HS|  |TAMS 0x0000000080900000, 0x0000000080900000| Complete 
|  10|0x0000000080a00000, 0x0000000080a00000, 0x0000000080b00000|  0%| F|  |TAMS 0x0000000080a00000, 0x0000000080a00000| Untracked 
|  11|0x0000000080b00000, 0x0000000080c00000, 0x0000000080c00000|100%| O|  |TAMS 0x0000000080b00000, 0x0000000080b00000| Untracked 
|  12|0x0000000080c00000, 0x0000000080d00000, 0x0000000080d00000|100%| O|  |TAMS 0x0000000080c00000, 0x0000000080c00000| Untracked 
|  13|0x0000000080d00000, 0x0000000080dfc600, 0x0000000080e00000| 98%| O|  |TAMS 0x0000000080d00000, 0x0000000080d00000| Untracked 
|  14|0x0000000080e00000, 0x0000000080e00000, 0x0000000080f00000|  0%| F|  |TAMS 0x0000000080e00000, 0x0000000080e00000| Untracked 
|  15|0x0000000080f00000, 0x0000000080f00000, 0x0000000081000000|  0%| F|  |TAMS 0x0000000080f00000, 0x0000000080f00000| Untracked 
|  16|0x0000000081000000, 0x0000000081000000, 0x0000000081100000|  0%| F|  |TAMS 0x0000000081000000, 0x0000000081000000| Untracked 
|  17|0x0000000081100000, 0x0000000081100000, 0x0000000081200000|  0%| F|  |TAMS 0x0000000081100000, 0x0000000081100000| Untracked 
|  18|0x0000000081200000, 0x0000000081200000, 0x0000000081300000|  0%| F|  |TAMS 0x0000000081200000, 0x0000000081200000| Untracked 
|  19|0x0000000081300000, 0x0000000081300000, 0x0000000081400000|  0%| F|  |TAMS 0x0000000081300000, 0x0000000081300000| Untracked 
|  20|0x0000000081400000, 0x0000000081400000, 0x0000000081500000|  0%| F|  |TAMS 0x0000000081400000, 0x0000000081400000| Untracked 
|  21|0x0000000081500000, 0x0000000081500000, 0x0000000081600000|  0%| F|  |TAMS 0x0000000081500000, 0x0000000081500000| Untracked 
|  22|0x0000000081600000, 0x0000000081600000, 0x0000000081700000|  0%| F|  |TAMS 0x0000000081600000, 0x0000000081600000| Untracked 
|  23|0x0000000081700000, 0x0000000081700000, 0x0000000081800000|  0%| F|  |TAMS 0x0000000081700000, 0x0000000081700000| Untracked 
|  24|0x0000000081800000, 0x0000000081800000, 0x0000000081900000|  0%| F|  |TAMS 0x0000000081800000, 0x0000000081800000| Untracked 
|  25|0x0000000081900000, 0x0000000081900000, 0x0000000081a00000|  0%| F|  |TAMS 0x0000000081900000, 0x0000000081900000| Untracked 
|  26|0x0000000081a00000, 0x0000000081a00000, 0x0000000081b00000|  0%| F|  |TAMS 0x0000000081a00000, 0x0000000081a00000| Untracked 
|  27|0x0000000081b00000, 0x0000000081b00000, 0x0000000081c00000|  0%| F|  |TAMS 0x0000000081b00000, 0x0000000081b00000| Untracked 
|  28|0x0000000081c00000, 0x0000000081c00000, 0x0000000081d00000|  0%| F|  |TAMS 0x0000000081c00000, 0x0000000081c00000| Untracked 
|  29|0x0000000081d00000, 0x0000000081d00000, 0x0000000081e00000|  0%| F|  |TAMS 0x0000000081d00000, 0x0000000081d00000| Untracked 
|  30|0x0000000081e00000, 0x0000000081e00000, 0x0000000081f00000|  0%| F|  |TAMS 0x0000000081e00000, 0x0000000081e00000| Untracked 
|  31|0x0000000081f00000, 0x0000000081f00000, 0x0000000082000000|  0%| F|  |TAMS 0x0000000081f00000, 0x0000000081f00000| Untracked 
|  32|0x0000000082000000, 0x0000000082000000, 0x0000000082100000|  0%| F|  |TAMS 0x0000000082000000, 0x0000000082000000| Untracked 
|  33|0x0000000082100000, 0x0000000082100000, 0x0000000082200000|  0%| F|  |TAMS 0x0000000082100000, 0x0000000082100000| Untracked 
|  34|0x0000000082200000, 0x0000000082200000, 0x0000000082300000|  0%| F|  |TAMS 0x0000000082200000, 0x0000000082200000| Untracked 
|  35|0x0000000082300000, 0x0000000082300000, 0x0000000082400000|  0%| F|  |TAMS 0x0000000082300000, 0x0000000082300000| Untracked 
|  36|0x0000000082400000, 0x0000000082400000, 0x0000000082500000|  0%| F|  |TAMS 0x0000000082400000, 0x0000000082400000| Untracked 
|  37|0x0000000082500000, 0x0000000082500000, 0x0000000082600000|  0%| F|  |TAMS 0x0000000082500000, 0x0000000082500000| Untracked 
|  38|0x0000000082600000, 0x0000000082600000, 0x0000000082700000|  0%| F|  |TAMS 0x0000000082600000, 0x0000000082600000| Untracked 
|  39|0x0000000082700000, 0x0000000082700000, 0x0000000082800000|  0%| F|  |TAMS 0x0000000082700000, 0x0000000082700000| Untracked 
|  40|0x0000000082800000, 0x0000000082800000, 0x0000000082900000|  0%| F|  |TAMS 0x0000000082800000, 0x0000000082800000| Untracked 
|  41|0x0000000082900000, 0x0000000082900000, 0x0000000082a00000|  0%| F|  |TAMS 0x0000000082900000, 0x0000000082900000| Untracked 
|  42|0x0000000082a00000, 0x0000000082a00000, 0x0000000082b00000|  0%| F|  |TAMS 0x0000000082a00000, 0x0000000082a00000| Untracked 
|  43|0x0000000082b00000, 0x0000000082b00000, 0x0000000082c00000|  0%| F|  |TAMS 0x0000000082b00000, 0x0000000082b00000| Untracked 
|  44|0x0000000082c00000, 0x0000000082c00000, 0x0000000082d00000|  0%| F|  |TAMS 0x0000000082c00000, 0x0000000082c00000| Untracked 
|  45|0x0000000082d00000, 0x0000000082d00000, 0x0000000082e00000|  0%| F|  |TAMS 0x0000000082d00000, 0x0000000082d00000| Untracked 
|  46|0x0000000082e00000, 0x0000000082e00000, 0x0000000082f00000|  0%| F|  |TAMS 0x0000000082e00000, 0x0000000082e00000| Untracked 
|  47|0x0000000082f00000, 0x0000000082f00000, 0x0000000083000000|  0%| F|  |TAMS 0x0000000082f00000, 0x0000000082f00000| Untracked 
|  48|0x0000000083000000, 0x0000000083000000, 0x0000000083100000|  0%| F|  |TAMS 0x0000000083000000, 0x0000000083000000| Untracked 
|  49|0x0000000083100000, 0x0000000083100000, 0x0000000083200000|  0%| F|  |TAMS 0x0000000083100000, 0x0000000083100000| Untracked 
|  50|0x0000000083200000, 0x0000000083200000, 0x0000000083300000|  0%| F|  |TAMS 0x0000000083200000, 0x0000000083200000| Untracked 
|  51|0x0000000083300000, 0x0000000083300000, 0x0000000083400000|  0%| F|  |TAMS 0x0000000083300000, 0x0000000083300000| Untracked 
|  52|0x0000000083400000, 0x0000000083400000, 0x0000000083500000|  0%| F|  |TAMS 0x0000000083400000, 0x0000000083400000| Untracked 
|  53|0x0000000083500000, 0x0000000083500000, 0x0000000083600000|  0%| F|  |TAMS 0x0000000083500000, 0x0000000083500000| Untracked 
|  54|0x0000000083600000, 0x0000000083600000, 0x0000000083700000|  0%| F|  |TAMS 0x0000000083600000, 0x0000000083600000| Untracked 
|  55|0x0000000083700000, 0x0000000083700000, 0x0000000083800000|  0%| F|  |TAMS 0x0000000083700000, 0x0000000083700000| Untracked 
|  56|0x0000000083800000, 0x0000000083800000, 0x0000000083900000|  0%| F|  |TAMS 0x0000000083800000, 0x0000000083800000| Untracked 
|  57|0x0000000083900000, 0x0000000083900000, 0x0000000083a00000|  0%| F|  |TAMS 0x0000000083900000, 0x0000000083900000| Untracked 
|  58|0x0000000083a00000, 0x0000000083a00000, 0x0000000083b00000|  0%| F|  |TAMS 0x0000000083a00000, 0x0000000083a00000| Untracked 
|  59|0x0000000083b00000, 0x0000000083b00000, 0x0000000083c00000|  0%| F|  |TAMS 0x0000000083b00000, 0x0000000083b00000| Untracked 
|  60|0x0000000083c00000, 0x0000000083c00000, 0x0000000083d00000|  0%| F|  |TAMS 0x0000000083c00000, 0x0000000083c00000| Untracked 
|  61|0x0000000083d00000, 0x0000000083d00000, 0x0000000083e00000|  0%| F|  |TAMS 0x0000000083d00000, 0x0000000083d00000| Untracked 
|  62|0x0000000083e00000, 0x0000000083e00000, 0x0000000083f00000|  0%| F|  |TAMS 0x0000000083e00000, 0x0000000083e00000| Untracked 
|  63|0x0000000083f00000, 0x0000000083f00000, 0x0000000084000000|  0%| F|  |TAMS 0x0000000083f00000, 0x0000000083f00000| Untracked 
|  64|0x0000000084000000, 0x0000000084000000, 0x0000000084100000|  0%| F|  |TAMS 0x0000000084000000, 0x0000000084000000| Untracked 
|  65|0x0000000084100000, 0x0000000084100000, 0x0000000084200000|  0%| F|  |TAMS 0x0000000084100000, 0x0000000084100000| Untracked 
|  66|0x0000000084200000, 0x0000000084300000, 0x0000000084300000|100%| E|  |TAMS 0x0000000084200000, 0x0000000084200000| Complete 
|  67|0x0000000084300000, 0x0000000084400000, 0x0000000084400000|100%| E|CS|TAMS 0x0000000084300000, 0x0000000084300000| Complete 
|  68|0x0000000084400000, 0x0000000084500000, 0x0000000084500000|100%| E|CS|TAMS 0x0000000084400000, 0x0000000084400000| Complete 
|  69|0x0000000084500000, 0x0000000084600000, 0x0000000084600000|100%| E|CS|TAMS 0x0000000084500000, 0x0000000084500000| Complete 
|  70|0x0000000084600000, 0x0000000084700000, 0x0000000084700000|100%| E|CS|TAMS 0x0000000084600000, 0x0000000084600000| Complete 
|  71|0x0000000084700000, 0x0000000084800000, 0x0000000084800000|100%| E|CS|TAMS 0x0000000084700000, 0x0000000084700000| Complete 
|  72|0x0000000084800000, 0x0000000084900000, 0x0000000084900000|100%| E|CS|TAMS 0x0000000084800000, 0x0000000084800000| Complete 
|  73|0x0000000084900000, 0x000000008497ac40, 0x0000000084a00000| 47%| S|CS|TAMS 0x0000000084900000, 0x0000000084900000| Complete 
|  74|0x0000000084a00000, 0x0000000084b00000, 0x0000000084b00000|100%| S|CS|TAMS 0x0000000084a00000, 0x0000000084a00000| Complete 
|  75|0x0000000084b00000, 0x0000000084c00000, 0x0000000084c00000|100%| S|CS|TAMS 0x0000000084b00000, 0x0000000084b00000| Complete 
|  76|0x0000000084c00000, 0x0000000084d00000, 0x0000000084d00000|100%| S|CS|TAMS 0x0000000084c00000, 0x0000000084c00000| Complete 
|  77|0x0000000084d00000, 0x0000000084e00000, 0x0000000084e00000|100%| S|CS|TAMS 0x0000000084d00000, 0x0000000084d00000| Complete 
|  78|0x0000000084e00000, 0x0000000084f00000, 0x0000000084f00000|100%| E|CS|TAMS 0x0000000084e00000, 0x0000000084e00000| Complete 
|  79|0x0000000084f00000, 0x0000000085000000, 0x0000000085000000|100%| E|CS|TAMS 0x0000000084f00000, 0x0000000084f00000| Complete 
|  80|0x0000000085000000, 0x0000000085100000, 0x0000000085100000|100%| E|CS|TAMS 0x0000000085000000, 0x0000000085000000| Complete 
|  81|0x0000000085100000, 0x0000000085200000, 0x0000000085200000|100%| E|CS|TAMS 0x0000000085100000, 0x0000000085100000| Complete 
|  82|0x0000000085200000, 0x0000000085300000, 0x0000000085300000|100%| E|CS|TAMS 0x0000000085200000, 0x0000000085200000| Complete 
|  83|0x0000000085300000, 0x0000000085400000, 0x0000000085400000|100%| E|CS|TAMS 0x0000000085300000, 0x0000000085300000| Complete 
|  84|0x0000000085400000, 0x0000000085500000, 0x0000000085500000|100%| E|CS|TAMS 0x0000000085400000, 0x0000000085400000| Complete 
|  85|0x0000000085500000, 0x0000000085600000, 0x0000000085600000|100%| E|CS|TAMS 0x0000000085500000, 0x0000000085500000| Complete 
|  86|0x0000000085600000, 0x0000000085700000, 0x0000000085700000|100%| E|CS|TAMS 0x0000000085600000, 0x0000000085600000| Complete 
|  87|0x0000000085700000, 0x0000000085800000, 0x0000000085800000|100%| E|CS|TAMS 0x0000000085700000, 0x0000000085700000| Complete 
|  88|0x0000000085800000, 0x0000000085900000, 0x0000000085900000|100%| E|CS|TAMS 0x0000000085800000, 0x0000000085800000| Complete 
|  89|0x0000000085900000, 0x0000000085a00000, 0x0000000085a00000|100%| E|CS|TAMS 0x0000000085900000, 0x0000000085900000| Complete 
|  90|0x0000000085a00000, 0x0000000085b00000, 0x0000000085b00000|100%| E|CS|TAMS 0x0000000085a00000, 0x0000000085a00000| Complete 
|  91|0x0000000085b00000, 0x0000000085c00000, 0x0000000085c00000|100%| E|CS|TAMS 0x0000000085b00000, 0x0000000085b00000| Complete 
|  92|0x0000000085c00000, 0x0000000085d00000, 0x0000000085d00000|100%| E|CS|TAMS 0x0000000085c00000, 0x0000000085c00000| Complete 
|  93|0x0000000085d00000, 0x0000000085e00000, 0x0000000085e00000|100%| E|CS|TAMS 0x0000000085d00000, 0x0000000085d00000| Complete 
|  94|0x0000000085e00000, 0x0000000085f00000, 0x0000000085f00000|100%| E|CS|TAMS 0x0000000085e00000, 0x0000000085e00000| Complete 
|  95|0x0000000085f00000, 0x0000000086000000, 0x0000000086000000|100%| E|CS|TAMS 0x0000000085f00000, 0x0000000085f00000| Complete 
|  96|0x0000000086000000, 0x0000000086100000, 0x0000000086100000|100%| E|CS|TAMS 0x0000000086000000, 0x0000000086000000| Complete 
|  97|0x0000000086100000, 0x0000000086200000, 0x0000000086200000|100%| E|CS|TAMS 0x0000000086100000, 0x0000000086100000| Complete 
|  98|0x0000000086200000, 0x0000000086300000, 0x0000000086300000|100%| E|CS|TAMS 0x0000000086200000, 0x0000000086200000| Complete 
|  99|0x0000000086300000, 0x0000000086400000, 0x0000000086400000|100%| E|CS|TAMS 0x0000000086300000, 0x0000000086300000| Complete 
| 100|0x0000000086400000, 0x0000000086500000, 0x0000000086500000|100%| E|CS|TAMS 0x0000000086400000, 0x0000000086400000| Complete 
| 101|0x0000000086500000, 0x0000000086600000, 0x0000000086600000|100%| E|CS|TAMS 0x0000000086500000, 0x0000000086500000| Complete 
| 102|0x0000000086600000, 0x0000000086700000, 0x0000000086700000|100%| E|CS|TAMS 0x0000000086600000, 0x0000000086600000| Complete 
| 103|0x0000000086700000, 0x0000000086800000, 0x0000000086800000|100%| E|CS|TAMS 0x0000000086700000, 0x0000000086700000| Complete 
| 104|0x0000000086800000, 0x0000000086900000, 0x0000000086900000|100%| E|CS|TAMS 0x0000000086800000, 0x0000000086800000| Complete 
| 105|0x0000000086900000, 0x0000000086a00000, 0x0000000086a00000|100%| E|CS|TAMS 0x0000000086900000, 0x0000000086900000| Complete 
| 106|0x0000000086a00000, 0x0000000086b00000, 0x0000000086b00000|100%| E|CS|TAMS 0x0000000086a00000, 0x0000000086a00000| Complete 
| 107|0x0000000086b00000, 0x0000000086c00000, 0x0000000086c00000|100%| E|CS|TAMS 0x0000000086b00000, 0x0000000086b00000| Complete 
| 108|0x0000000086c00000, 0x0000000086d00000, 0x0000000086d00000|100%| E|CS|TAMS 0x0000000086c00000, 0x0000000086c00000| Complete 
| 109|0x0000000086d00000, 0x0000000086e00000, 0x0000000086e00000|100%| E|CS|TAMS 0x0000000086d00000, 0x0000000086d00000| Complete 
| 110|0x0000000086e00000, 0x0000000086f00000, 0x0000000086f00000|100%| E|CS|TAMS 0x0000000086e00000, 0x0000000086e00000| Complete 
| 111|0x0000000086f00000, 0x0000000087000000, 0x0000000087000000|100%| E|CS|TAMS 0x0000000086f00000, 0x0000000086f00000| Complete 
| 112|0x0000000087000000, 0x0000000087100000, 0x0000000087100000|100%| E|CS|TAMS 0x0000000087000000, 0x0000000087000000| Complete 
| 113|0x0000000087100000, 0x0000000087200000, 0x0000000087200000|100%| E|CS|TAMS 0x0000000087100000, 0x0000000087100000| Complete 
| 114|0x0000000087200000, 0x0000000087300000, 0x0000000087300000|100%| E|CS|TAMS 0x0000000087200000, 0x0000000087200000| Complete 
| 115|0x0000000087300000, 0x0000000087400000, 0x0000000087400000|100%| E|CS|TAMS 0x0000000087300000, 0x0000000087300000| Complete 
| 116|0x0000000087400000, 0x0000000087500000, 0x0000000087500000|100%| E|CS|TAMS 0x0000000087400000, 0x0000000087400000| Complete 
| 117|0x0000000087500000, 0x0000000087600000, 0x0000000087600000|100%| E|CS|TAMS 0x0000000087500000, 0x0000000087500000| Complete 
| 118|0x0000000087600000, 0x0000000087700000, 0x0000000087700000|100%| E|CS|TAMS 0x0000000087600000, 0x0000000087600000| Complete 
| 119|0x0000000087700000, 0x0000000087800000, 0x0000000087800000|100%| E|CS|TAMS 0x0000000087700000, 0x0000000087700000| Complete 
| 120|0x0000000087800000, 0x0000000087900000, 0x0000000087900000|100%| E|CS|TAMS 0x0000000087800000, 0x0000000087800000| Complete 
| 121|0x0000000087900000, 0x0000000087a00000, 0x0000000087a00000|100%| E|CS|TAMS 0x0000000087900000, 0x0000000087900000| Complete 
| 122|0x0000000087a00000, 0x0000000087b00000, 0x0000000087b00000|100%| E|CS|TAMS 0x0000000087a00000, 0x0000000087a00000| Complete 
| 123|0x0000000087b00000, 0x0000000087c00000, 0x0000000087c00000|100%| E|CS|TAMS 0x0000000087b00000, 0x0000000087b00000| Complete 
| 124|0x0000000087c00000, 0x0000000087d00000, 0x0000000087d00000|100%| E|CS|TAMS 0x0000000087c00000, 0x0000000087c00000| Complete 
| 125|0x0000000087d00000, 0x0000000087e00000, 0x0000000087e00000|100%| E|CS|TAMS 0x0000000087d00000, 0x0000000087d00000| Complete 

Card table byte_map: [0x00000106af600000,0x00000106afa00000] _byte_map_base: 0x00000106af200000

Marking Bits (Prev, Next): (CMBitMap*) 0x00000106983fbc50, (CMBitMap*) 0x00000106983fbc90
 Prev Bits: [0x00000106afe00000, 0x00000106b1e00000)
 Next Bits: [0x00000106b1e00000, 0x00000106b3e00000)

Polling page: 0x00000106961e0000

Metaspace:

Usage:
  Non-class:     12.77 MB used.
      Class:      2.05 MB used.
       Both:     14.81 MB used.

Virtual space:
  Non-class space:       64.00 MB reserved,      12.88 MB ( 20%) committed,  1 nodes.
      Class space:      416.00 MB reserved,       2.19 MB ( <1%) committed,  1 nodes.
             Both:      480.00 MB reserved,      15.06 MB (  3%) committed. 

Chunk freelists:
   Non-Class:  2.89 MB
       Class:  13.85 MB
        Both:  16.74 MB

MaxMetaspaceSize: 512.00 MB
CompressedClassSpaceSize: 416.00 MB
Initial GC threshold: 21.00 MB
Current GC threshold: 21.00 MB
CDS: on
MetaspaceReclaimPolicy: balanced
 - commit_granule_bytes: 65536.
 - commit_granule_words: 8192.
 - virtual_space_node_default_size: 8388608.
 - enlarge_chunks_in_place: 1.
 - new_chunks_are_fully_committed: 0.
 - uncommit_free_chunks: 1.
 - use_allocation_guard: 0.
 - handle_deallocations: 1.


Internal statistics:

num_allocs_failed_limit: 0.
num_arena_births: 186.
num_arena_deaths: 0.
num_vsnodes_births: 2.
num_vsnodes_deaths: 0.
num_space_committed: 241.
num_space_uncommitted: 0.
num_chunks_returned_to_freelist: 0.
num_chunks_taken_from_freelist: 668.
num_chunk_merges: 0.
num_chunk_splits: 438.
num_chunks_enlarged: 336.
num_inconsistent_stats: 0.

CodeHeap 'non-profiled nmethods': size=120000Kb used=1163Kb max_used=1163Kb free=118836Kb
 bounds [0x00000106a79a0000, 0x00000106a7c10000, 0x00000106aeed0000]
CodeHeap 'profiled nmethods': size=120000Kb used=4745Kb max_used=4745Kb free=115254Kb
 bounds [0x000001069fed0000, 0x00000106a0380000, 0x00000106a7400000]
CodeHeap 'non-nmethods': size=5760Kb used=1225Kb max_used=1255Kb free=4534Kb
 bounds [0x00000106a7400000, 0x00000106a7670000, 0x00000106a79a0000]
 total_blobs=2925 nmethods=2398 adapters=439
 compilation: enabled
              stopped_count=0, restarted_count=0
 full_count=0

Compilation events (20 events):
Event: 2.904 Thread 0x00000106b687bfd0 2376       3       org.gradle.internal.file.FileHierarchySet$Node::sizeOfCommonPrefix (10 bytes)
Event: 2.905 Thread 0x00000106b687bfd0 nmethod 2376 0x00000106a0361f10 code [0x00000106a03620c0, 0x00000106a0362268]
Event: 2.905 Thread 0x00000106b687bfd0 2378       3       jdk.internal.org.objectweb.asm.ClassWriter::toByteArray (1515 bytes)
Event: 2.910 Thread 0x00000106b687bfd0 nmethod 2378 0x00000106a0362390 code [0x00000106a0362cc0, 0x00000106a0366938]
Event: 2.910 Thread 0x00000106b687bfd0 2383       3       jdk.internal.misc.Unsafe::convEndian (16 bytes)
Event: 2.910 Thread 0x00000106b687bfd0 nmethod 2383 0x00000106a0368910 code [0x00000106a0368aa0, 0x00000106a0368c58]
Event: 2.910 Thread 0x00000106b687bfd0 2377       3       org.gradle.internal.file.FilePathUtil::sizeOfCommonPrefix (10 bytes)
Event: 2.910 Thread 0x00000106b687bfd0 nmethod 2377 0x00000106a0368d10 code [0x00000106a0368ea0, 0x00000106a0368fc8]
Event: 2.910 Thread 0x00000106b687bfd0 2384       3       jdk.internal.misc.Unsafe::getIntUnaligned (12 bytes)
Event: 2.910 Thread 0x00000106b687bfd0 nmethod 2384 0x00000106a0369090 code [0x00000106a0369240, 0x00000106a0369498]
Event: 2.910 Thread 0x00000106b687bfd0 2382       3       jdk.internal.misc.Unsafe::putIntUnaligned (79 bytes)
Event: 2.911 Thread 0x00000106b687bfd0 nmethod 2382 0x00000106a0369590 code [0x00000106a0369760, 0x00000106a0369b18]
Event: 2.911 Thread 0x00000106b687bfd0 2385       3       jdk.internal.misc.Unsafe::putIntUnaligned (14 bytes)
Event: 2.911 Thread 0x00000106b687bfd0 nmethod 2385 0x00000106a0369c10 code [0x00000106a0369dc0, 0x00000106a0369ff8]
Event: 2.911 Thread 0x00000106b687bfd0 2379       1       jdk.internal.reflect.DelegatingMethodAccessorImpl::setDelegate (6 bytes)
Event: 2.911 Thread 0x00000106b687bfd0 nmethod 2379 0x00000106a7ac1a90 code [0x00000106a7ac1c20, 0x00000106a7ac1d38]
Event: 2.911 Thread 0x00000106b687bfd0 2380       1       java.lang.reflect.Method::getMethodAccessor (5 bytes)
Event: 2.911 Thread 0x00000106b687bfd0 nmethod 2380 0x00000106a7ac1d90 code [0x00000106a7ac1f20, 0x00000106a7ac1ff8]
Event: 2.911 Thread 0x00000106b687bfd0 2381       1       jdk.internal.reflect.NativeMethodAccessorImpl::setParent (6 bytes)
Event: 2.911 Thread 0x00000106b687bfd0 nmethod 2381 0x00000106a7ac2090 code [0x00000106a7ac2220, 0x00000106a7ac2338]

GC Heap History (6 events):
Event: 0.432 GC heap before
{Heap before GC invocations=0 (full 0):
 garbage-first heap   total 129024K, used 23552K [0x0000000080000000, 0x0000000100000000)
  region size 1024K, 23 young (23552K), 0 survivors (0K)
 Metaspace       used 1076K, committed 1216K, reserved 491520K
  class space    used 72K, committed 128K, reserved 425984K
}
Event: 0.436 GC heap after
{Heap after GC invocations=1 (full 0):
 garbage-first heap   total 129024K, used 4395K [0x0000000080000000, 0x0000000100000000)
  region size 1024K, 3 young (3072K), 3 survivors (3072K)
 Metaspace       used 1076K, committed 1216K, reserved 491520K
  class space    used 72K, committed 128K, reserved 425984K
}
Event: 1.120 GC heap before
{Heap before GC invocations=1 (full 0):
 garbage-first heap   total 129024K, used 39211K [0x0000000080000000, 0x0000000100000000)
  region size 1024K, 33 young (33792K), 3 survivors (3072K)
 Metaspace       used 4326K, committed 4544K, reserved 491520K
  class space    used 541K, committed 640K, reserved 425984K
}
Event: 1.125 GC heap after
{Heap after GC invocations=2 (full 0):
 garbage-first heap   total 129024K, used 12368K [0x0000000080000000, 0x0000000100000000)
  region size 1024K, 4 young (4096K), 4 survivors (4096K)
 Metaspace       used 4326K, committed 4544K, reserved 491520K
  class space    used 541K, committed 640K, reserved 425984K
}
Event: 1.788 GC heap before
{Heap before GC invocations=2 (full 0):
 garbage-first heap   total 129024K, used 59472K [0x0000000080000000, 0x0000000100000000)
  region size 1024K, 48 young (49152K), 4 survivors (4096K)
 Metaspace       used 4787K, committed 4992K, reserved 491520K
  class space    used 619K, committed 704K, reserved 425984K
}
Event: 1.795 GC heap after
{Heap after GC invocations=3 (full 0):
 garbage-first heap   total 129024K, used 17884K [0x0000000080000000, 0x0000000100000000)
  region size 1024K, 5 young (5120K), 5 survivors (5120K)
 Metaspace       used 4787K, committed 4992K, reserved 491520K
  class space    used 619K, committed 704K, reserved 425984K
}

Dll operation events (15 events):
Event: 0.014 Loaded shared library C:\Program Files\Microsoft\jdk-17.0.13.11-hotspot\bin\java.dll
Event: 0.033 Loaded shared library C:\Program Files\Microsoft\jdk-17.0.13.11-hotspot\bin\jsvml.dll
Event: 0.077 Loaded shared library C:\Program Files\Microsoft\jdk-17.0.13.11-hotspot\bin\zip.dll
Event: 0.080 Loaded shared library C:\Program Files\Microsoft\jdk-17.0.13.11-hotspot\bin\instrument.dll
Event: 0.084 Loaded shared library C:\Program Files\Microsoft\jdk-17.0.13.11-hotspot\bin\net.dll
Event: 0.085 Loaded shared library C:\Program Files\Microsoft\jdk-17.0.13.11-hotspot\bin\nio.dll
Event: 0.088 Loaded shared library C:\Program Files\Microsoft\jdk-17.0.13.11-hotspot\bin\zip.dll
Event: 0.304 Loaded shared library C:\Program Files\Microsoft\jdk-17.0.13.11-hotspot\bin\jimage.dll
Event: 0.504 Loaded shared library C:\Program Files\Microsoft\jdk-17.0.13.11-hotspot\bin\verify.dll
Event: 0.672 Loaded shared library C:\Users\hp\.gradle\native\c067742578af261105cb4f569cf0c3c89f3d7b1fecec35dd04571415982c5e48\windows-amd64\native-platform.dll
Event: 0.691 Loaded shared library C:\Users\hp\.gradle\native\100fb08df4bc3b14c8652ba06237920a3bd2aa13389f12d3474272988ae205f9\windows-amd64\native-platform-file-events.dll
Event: 1.953 Loaded shared library C:\Program Files\Microsoft\jdk-17.0.13.11-hotspot\bin\management.dll
Event: 1.955 Loaded shared library C:\Program Files\Microsoft\jdk-17.0.13.11-hotspot\bin\management_ext.dll
Event: 2.125 Loaded shared library C:\Program Files\Microsoft\jdk-17.0.13.11-hotspot\bin\extnet.dll
Event: 2.339 Loaded shared library C:\Program Files\Microsoft\jdk-17.0.13.11-hotspot\bin\sunmscapi.dll

Deoptimization events (20 events):
Event: 2.581 Thread 0x00000106d7a10960 DEOPT PACKING pc=0x00000106a7a3a080 sp=0x00000001244fb800
Event: 2.581 Thread 0x00000106d7a10960 DEOPT UNPACKING pc=0x00000106a74569a3 sp=0x00000001244fb768 mode 2
Event: 2.790 Thread 0x00000106d7a10960 DEOPT PACKING pc=0x00000106a02a62b8 sp=0x00000001244fb860
Event: 2.790 Thread 0x00000106d7a10960 DEOPT UNPACKING pc=0x00000106a7457143 sp=0x00000001244fad68 mode 0
Event: 2.885 Thread 0x00000106d7a10960 Uncommon trap: trap_request=0xffffff45 fr.pc=0x00000106a7a9dd38 relative=0x0000000000000038
Event: 2.885 Thread 0x00000106d7a10960 Uncommon trap: reason=unstable_if action=reinterpret pc=0x00000106a7a9dd38 method=jdk.internal.misc.Unsafe.convEndian(ZI)I @ 4 c2
Event: 2.885 Thread 0x00000106d7a10960 DEOPT PACKING pc=0x00000106a7a9dd38 sp=0x00000001244fafd0
Event: 2.885 Thread 0x00000106d7a10960 DEOPT UNPACKING pc=0x00000106a74569a3 sp=0x00000001244faf68 mode 2
Event: 2.886 Thread 0x00000106d7a10960 Uncommon trap: trap_request=0xffffff45 fr.pc=0x00000106a7a9e374 relative=0x0000000000000074
Event: 2.886 Thread 0x00000106d7a10960 Uncommon trap: reason=unstable_if action=reinterpret pc=0x00000106a7a9e374 method=jdk.internal.misc.Unsafe.convEndian(ZI)I @ 4 c2
Event: 2.886 Thread 0x00000106d7a10960 DEOPT PACKING pc=0x00000106a7a9e374 sp=0x00000001244fad10
Event: 2.886 Thread 0x00000106d7a10960 DEOPT UNPACKING pc=0x00000106a74569a3 sp=0x00000001244fac18 mode 2
Event: 2.908 Thread 0x00000106d7a10960 Uncommon trap: trap_request=0xffffff45 fr.pc=0x00000106a79c1e84 relative=0x0000000000000b04
Event: 2.908 Thread 0x00000106d7a10960 Uncommon trap: reason=unstable_if action=reinterpret pc=0x00000106a79c1e84 method=java.io.WinNTFileSystem.resolve(Ljava/lang/String;Ljava/lang/String;)Ljava/lang/String; @ 19 c2
Event: 2.909 Thread 0x00000106d7a10960 DEOPT PACKING pc=0x00000106a79c1e84 sp=0x00000001244fb210
Event: 2.909 Thread 0x00000106d7a10960 DEOPT UNPACKING pc=0x00000106a74569a3 sp=0x00000001244fb1b8 mode 2
Event: 2.910 Thread 0x00000106d7a10960 Uncommon trap: trap_request=0xffffff45 fr.pc=0x00000106a7a34bf8 relative=0x0000000000000638
Event: 2.910 Thread 0x00000106d7a10960 Uncommon trap: reason=unstable_if action=reinterpret pc=0x00000106a7a34bf8 method=java.io.File.getName()Ljava/lang/String; @ 16 c2
Event: 2.910 Thread 0x00000106d7a10960 DEOPT PACKING pc=0x00000106a7a34bf8 sp=0x00000001244fb1c0
Event: 2.910 Thread 0x00000106d7a10960 DEOPT UNPACKING pc=0x00000106a74569a3 sp=0x00000001244fb190 mode 2

Classes loaded (20 events):
Event: 2.840 Loading class java/util/concurrent/locks/ReentrantLock$FairSync
Event: 2.841 Loading class java/util/concurrent/locks/ReentrantLock$FairSync done
Event: 2.845 Loading class sun/misc/Unsafe
Event: 2.845 Loading class sun/misc/Unsafe done
Event: 2.850 Loading class java/net/DatagramPacket
Event: 2.850 Loading class java/net/DatagramPacket done
Event: 2.851 Loading class sun/nio/ch/DatagramSocketAdaptor$DatagramPackets
Event: 2.851 Loading class sun/nio/ch/DatagramSocketAdaptor$DatagramPackets done
Event: 2.883 Loading class sun/security/provider/MD5
Event: 2.883 Loading class sun/security/provider/MD5 done
Event: 2.883 Loading class sun/security/provider/SHA5$SHA512
Event: 2.884 Loading class sun/security/provider/SHA5
Event: 2.884 Loading class sun/security/provider/SHA5 done
Event: 2.884 Loading class sun/security/provider/SHA5$SHA512 done
Event: 2.886 Loading class sun/security/provider/ByteArrayAccess$LE
Event: 2.886 Loading class sun/security/provider/ByteArrayAccess$LE done
Event: 2.910 Loading class java/io/File$TempDirectory
Event: 2.910 Loading class java/io/File$TempDirectory done
Event: 2.915 Loading class java/io/PrintWriter
Event: 2.915 Loading class java/io/PrintWriter done

Classes unloaded (0 events):
No events

Classes redefined (0 events):
No events

Internal exceptions (20 events):
Event: 1.951 Thread 0x000001069839dd80 Exception <a 'java/lang/NoSuchMethodError'{0x00000000876637b8}: 'java.lang.Object java.lang.invoke.DirectMethodHandle$Holder.invokeStaticInit(java.lang.Object)'> (0x00000000876637b8) 
thrown [s\src\hotspot\share\interpreter\linkResolver.cpp, line 759]
Event: 1.971 Thread 0x000001069839dd80 Exception <a 'java/lang/NoSuchMethodError'{0x00000000876ede08}: 'java.lang.Object java.lang.invoke.DirectMethodHandle$Holder.invokeInterface(java.lang.Object, java.lang.Object)'> (0x00000000876ede08) 
thrown [s\src\hotspot\share\interpreter\linkResolver.cpp, line 759]
Event: 2.061 Thread 0x000001069839dd80 Exception <a 'java/lang/NoSuchMethodError'{0x00000000870adf70}: 'java.lang.Object java.lang.invoke.DirectMethodHandle$Holder.invokeStaticInit(java.lang.Object, int, int, int, int)'> (0x00000000870adf70) 
thrown [s\src\hotspot\share\interpreter\linkResolver.cpp, line 759]
Event: 2.113 Thread 0x000001069839dd80 Exception <a 'java/lang/NoSuchMethodError'{0x0000000086fcbe88}: 'java.lang.Object java.lang.invoke.DirectMethodHandle$Holder.invokeStaticInit(java.lang.Object, java.lang.Object, int, int, int, int)'> (0x0000000086fcbe88) 
thrown [s\src\hotspot\share\interpreter\linkResolver.cpp, line 759]
Event: 2.271 Thread 0x000001069839dd80 Exception <a 'java/lang/NoSuchMethodError'{0x0000000086c5a678}: 'void java.lang.invoke.DirectMethodHandle$Holder.invokeStatic(java.lang.Object, java.lang.Object, java.lang.Object)'> (0x0000000086c5a678) 
thrown [s\src\hotspot\share\interpreter\linkResolver.cpp, line 759]
Event: 2.296 Thread 0x000001069839dd80 Exception <a 'java/io/IOException'{0x0000000086b79668}> (0x0000000086b79668) 
thrown [s\src\hotspot\share\prims\jni.cpp, line 516]
Event: 2.299 Thread 0x000001069839dd80 Implicit null exception at 0x00000106a7a0e2d5 to 0x00000106a7a0e8e0
Event: 2.303 Thread 0x000001069839dd80 Exception <a 'java/lang/NoSuchMethodError'{0x0000000086bd98d0}: 'java.lang.Object java.lang.invoke.DirectMethodHandle$Holder.newInvokeSpecial(java.lang.Object, java.lang.Object, java.lang.Object, java.lang.Object, java.lang.Object)'> (0x0000000086bd98d0) 
thrown [s\src\hotspot\share\interpreter\linkResolver.cpp, line 759]
Event: 2.411 Thread 0x00000106d7971af0 Exception <a 'java/lang/NoSuchMethodError'{0x00000000868f4a08}: 'void java.lang.invoke.DirectMethodHandle$Holder.invokeSpecial(java.lang.Object, java.lang.Object, java.lang.Object)'> (0x00000000868f4a08) 
thrown [s\src\hotspot\share\interpreter\linkResolver.cpp, line 759]
Event: 2.472 Thread 0x00000106d7a10960 Exception <a 'java/lang/NoSuchMethodError'{0x00000000862609d8}: 'long java.lang.invoke.DirectMethodHandle$Holder.invokeInterface(java.lang.Object, java.lang.Object)'> (0x00000000862609d8) 
thrown [s\src\hotspot\share\interpreter\linkResolver.cpp, line 759]
Event: 2.547 Thread 0x00000106d7a10960 Exception <a 'java/lang/NoSuchMethodError'{0x0000000085ed8b98}: 'void java.lang.invoke.DirectMethodHandle$Holder.invokeStatic(java.lang.Object, java.lang.Object)'> (0x0000000085ed8b98) 
thrown [s\src\hotspot\share\interpreter\linkResolver.cpp, line 759]
Event: 2.587 Thread 0x00000106d7a10960 Exception <a 'java/lang/NoSuchMethodError'{0x0000000085cf60d0}: 'int java.lang.invoke.DirectMethodHandle$Holder.invokeVirtual(java.lang.Object, java.lang.Object, java.lang.Object)'> (0x0000000085cf60d0) 
thrown [s\src\hotspot\share\interpreter\linkResolver.cpp, line 759]
Event: 2.627 Thread 0x00000106d7a10960 Exception <a 'java/lang/NoSuchMethodError'{0x00000000859843e8}: 'java.lang.Object java.lang.invoke.DirectMethodHandle$Holder.newInvokeSpecial(java.lang.Object, java.lang.Object, java.lang.Object, java.lang.Object, java.lang.Object, java.lang.Object)'> (0x00000000859843e8) 
thrown [s\src\hotspot\share\interpreter\linkResolver.cpp, line 759]
Event: 2.629 Thread 0x00000106d7a10960 Exception <a 'java/lang/NoSuchMethodError'{0x00000000859a12c8}: 'void java.lang.invoke.DirectMethodHandle$Holder.invokeSpecial(java.lang.Object, java.lang.Object, java.lang.Object, java.lang.Object, java.lang.Object)'> (0x00000000859a12c8) 
thrown [s\src\hotspot\share\interpreter\linkResolver.cpp, line 759]
Event: 2.630 Thread 0x00000106d7a10960 Exception <a 'java/lang/NoSuchMethodError'{0x00000000859b4cd0}: 'void java.lang.invoke.DirectMethodHandle$Holder.invokeStaticInit(java.lang.Object, java.lang.Object)'> (0x00000000859b4cd0) 
thrown [s\src\hotspot\share\interpreter\linkResolver.cpp, line 759]
Event: 2.680 Thread 0x00000106d7a10960 Exception <a 'java/lang/NoSuchMethodError'{0x000000008568dbc0}: 'void java.lang.invoke.DelegatingMethodHandle$Holder.reinvoke_L(java.lang.Object, java.lang.Object, java.lang.Object, java.lang.Object, java.lang.Object, java.lang.Object, java.lang.Object, java.lang.Object, java.lang.Object, java.lang.Object)'> (0x000000008568dbc0) 
thrown [s\src\hotspot\share\interpreter\linkResolver.cpp, line 759]
Event: 2.681 Thread 0x00000106d7a10960 Exception <a 'java/lang/NoSuchMethodError'{0x0000000085696030}: 'java.lang.Object java.lang.invoke.DirectMethodHandle$Holder.invokeSpecial(java.lang.Object, java.lang.Object, java.lang.Object, java.lang.Object, java.lang.Object, java.lang.Object, java.lang.Object, java.lang.Object, java.lang.Object, java.lang.Object)'> (0x0000000085696030) 
thrown [s\src\hotspot\share\interpreter\linkResolver.cpp, line 759]
Event: 2.681 Thread 0x00000106d7a10960 Exception <a 'java/lang/NoSuchMethodError'{0x000000008569a900}: 'java.lang.Object java.lang.invoke.Invokers$Holder.invoker(java.lang.Object, java.lang.Object, java.lang.Object, java.lang.Object, java.lang.Object, java.lang.Object, java.lang.Object, java.lang.Object, java.lang.Object, java.lang.Object)'> (0x000000008569a900) 
thrown [s\src\hotspot\share\interpreter\linkResolver.cpp, line 759]
Event: 2.681 Thread 0x00000106d7a10960 Exception <a 'java/lang/NoSuchMethodError'{0x00000000856a0508}: 'java.lang.Object java.lang.invoke.DirectMethodHandle$Holder.invokeSpecial(java.lang.Object, java.lang.Object, java.lang.Object, java.lang.Object, java.lang.Object, java.lang.Object, java.lang.Object, java.lang.Object, java.lang.Object, java.lang.Object, java.lang.Object)'> (0x00000000856a0508) 
thrown [s\src\hotspot\share\interpreter\linkResolver.cpp, line 759]
Event: 2.843 Thread 0x00000106d7a10960 Exception <a 'java/lang/NoSuchMethodError'{0x0000000084fe55e8}: 'java.lang.Object java.lang.invoke.DirectMethodHandle$Holder.newInvokeSpecial(java.lang.Object, java.lang.Object, int)'> (0x0000000084fe55e8) 
thrown [s\src\hotspot\share\interpreter\linkResolver.cpp, line 759]

VM Operations (20 events):
Event: 1.900 Executing VM operation: HandshakeAllThreads
Event: 1.900 Executing VM operation: HandshakeAllThreads done
Event: 1.925 Executing VM operation: HandshakeAllThreads
Event: 1.925 Executing VM operation: HandshakeAllThreads done
Event: 1.926 Executing VM operation: HandshakeAllThreads
Event: 1.926 Executing VM operation: HandshakeAllThreads done
Event: 1.968 Executing VM operation: HandshakeAllThreads
Event: 1.968 Executing VM operation: HandshakeAllThreads done
Event: 2.000 Executing VM operation: HandshakeAllThreads
Event: 2.000 Executing VM operation: HandshakeAllThreads done
Event: 2.050 Executing VM operation: HandshakeAllThreads
Event: 2.050 Executing VM operation: HandshakeAllThreads done
Event: 2.104 Executing VM operation: HandshakeAllThreads
Event: 2.104 Executing VM operation: HandshakeAllThreads done
Event: 2.270 Executing VM operation: HandshakeAllThreads
Event: 2.270 Executing VM operation: HandshakeAllThreads done
Event: 2.321 Executing VM operation: HandshakeAllThreads
Event: 2.321 Executing VM operation: HandshakeAllThreads done
Event: 2.550 Executing VM operation: ICBufferFull
Event: 2.550 Executing VM operation: ICBufferFull done

Memory protections (0 events):
No events

Nmethod flushes (0 events):
No events

Events (20 events):
Event: 0.044 Thread 0x000001069839dd80 Thread added: 0x00000106b687bfd0
Event: 0.044 Thread 0x000001069839dd80 Thread added: 0x00000106b688f940
Event: 0.058 Thread 0x000001069839dd80 Thread added: 0x00000106b6987530
Event: 0.096 Thread 0x000001069839dd80 Thread added: 0x00000106b6adda70
Event: 0.252 Thread 0x00000106b687bfd0 Thread added: 0x00000106b6b88790
Event: 1.218 Thread 0x00000106b6b88790 Thread exited: 0x00000106b6b88790
Event: 1.545 Thread 0x00000106b687bfd0 Thread added: 0x00000106b6b88790
Event: 1.984 Thread 0x000001069839dd80 Thread added: 0x00000106d77c4490
Event: 2.247 Thread 0x000001069839dd80 Thread added: 0x00000106d6e6cf80
Event: 2.308 Thread 0x000001069839dd80 Thread added: 0x00000106d78a4c60
Event: 2.366 Thread 0x00000106d6e6cf80 Thread added: 0x00000106d7971af0
Event: 2.369 Thread 0x00000106d7971af0 Thread added: 0x00000106d7978290
Event: 2.405 Thread 0x00000106d7971af0 Thread added: 0x00000106d7a0eb00
Event: 2.412 Thread 0x00000106d7971af0 Thread added: 0x00000106d7a10960
Event: 2.422 Thread 0x00000106d7a10960 Thread added: 0x00000106d7a0f520
Event: 2.425 Thread 0x00000106d7a10960 Thread added: 0x00000106d7a0fa30
Event: 2.429 Thread 0x00000106d7a10960 Thread added: 0x00000106d7a0f010
Event: 2.841 Thread 0x00000106d7a10960 Thread added: 0x00000106d7a10450
Event: 2.850 Thread 0x00000106d7a10960 Thread added: 0x00000106d7a11380
Event: 2.876 Thread 0x00000106d7a10960 Thread added: 0x00000106d7a11890


Dynamic libraries:
0x00007ff691350000 - 0x00007ff69135e000 	C:\Program Files\Microsoft\jdk-17.0.13.11-hotspot\bin\java.exe
0x00007ffe1b200000 - 0x00007ffe1b463000 	C:\WINDOWS\SYSTEM32\ntdll.dll
0x00007ffe1a3d0000 - 0x00007ffe1a498000 	C:\WINDOWS\System32\KERNEL32.DLL
0x00007ffe18be0000 - 0x00007ffe18f92000 	C:\WINDOWS\System32\KERNELBASE.dll
0x00007ffe18830000 - 0x00007ffe1897b000 	C:\WINDOWS\System32\ucrtbase.dll
0x00007ffe07880000 - 0x00007ffe07897000 	C:\Program Files\Microsoft\jdk-17.0.13.11-hotspot\bin\jli.dll
0x00007ffe05b30000 - 0x00007ffe05b4d000 	C:\Program Files\Microsoft\jdk-17.0.13.11-hotspot\bin\VCRUNTIME140.dll
0x00007ffe1a660000 - 0x00007ffe1a828000 	C:\WINDOWS\System32\USER32.dll
0x00007ffdffea0000 - 0x00007ffe00130000 	C:\WINDOWS\WinSxS\amd64_microsoft.windows.common-controls_6595b64144ccf1df_6.0.26100.2454_none_3e0b68a2e331ad60\COMCTL32.dll
0x00007ffe18bb0000 - 0x00007ffe18bd7000 	C:\WINDOWS\System32\win32u.dll
0x00007ffe19150000 - 0x00007ffe1917a000 	C:\WINDOWS\System32\GDI32.dll
0x00007ffe19250000 - 0x00007ffe192f9000 	C:\WINDOWS\System32\msvcrt.dll
0x00007ffe18660000 - 0x00007ffe1878b000 	C:\WINDOWS\System32\gdi32full.dll
0x00007ffe18b00000 - 0x00007ffe18ba3000 	C:\WINDOWS\System32\msvcp_win.dll
0x00007ffe19fe0000 - 0x00007ffe1a00f000 	C:\WINDOWS\System32\IMM32.DLL
0x00007ffe0f210000 - 0x00007ffe0f21c000 	C:\Program Files\Microsoft\jdk-17.0.13.11-hotspot\bin\vcruntime140_1.dll
0x00007ffde4770000 - 0x00007ffde47fd000 	C:\Program Files\Microsoft\jdk-17.0.13.11-hotspot\bin\msvcp140.dll
0x00007ffdd93e0000 - 0x00007ffdda051000 	C:\Program Files\Microsoft\jdk-17.0.13.11-hotspot\bin\server\jvm.dll
0x00007ffe1a4a0000 - 0x00007ffe1a554000 	C:\WINDOWS\System32\ADVAPI32.dll
0x00007ffe1af70000 - 0x00007ffe1b016000 	C:\WINDOWS\System32\sechost.dll
0x00007ffe1a830000 - 0x00007ffe1a946000 	C:\WINDOWS\System32\RPCRT4.dll
0x00007ffe1a560000 - 0x00007ffe1a5d4000 	C:\WINDOWS\System32\WS2_32.dll
0x00007ffe18460000 - 0x00007ffe184ae000 	C:\WINDOWS\SYSTEM32\POWRPROF.dll
0x00007ffe00920000 - 0x00007ffe00956000 	C:\WINDOWS\SYSTEM32\WINMM.dll
0x00007ffe094d0000 - 0x00007ffe094db000 	C:\WINDOWS\SYSTEM32\VERSION.dll
0x00007ffe18440000 - 0x00007ffe18454000 	C:\WINDOWS\SYSTEM32\UMPDC.dll
0x00007ffe173d0000 - 0x00007ffe173ea000 	C:\WINDOWS\SYSTEM32\kernel.appcore.dll
0x00007ffe0e7c0000 - 0x00007ffe0e7ca000 	C:\Program Files\Microsoft\jdk-17.0.13.11-hotspot\bin\jimage.dll
0x00007ffe15c30000 - 0x00007ffe15e71000 	C:\WINDOWS\SYSTEM32\DBGHELP.DLL
0x00007ffe1a020000 - 0x00007ffe1a39e000 	C:\WINDOWS\System32\combase.dll
0x00007ffe19070000 - 0x00007ffe19146000 	C:\WINDOWS\System32\OLEAUT32.dll
0x00007ffdf5410000 - 0x00007ffdf5449000 	C:\WINDOWS\SYSTEM32\dbgcore.DLL
0x00007ffe18790000 - 0x00007ffe18829000 	C:\WINDOWS\System32\bcryptPrimitives.dll
0x00007ffe05d20000 - 0x00007ffe05d2e000 	C:\Program Files\Microsoft\jdk-17.0.13.11-hotspot\bin\instrument.dll
0x00007ffe02210000 - 0x00007ffe02235000 	C:\Program Files\Microsoft\jdk-17.0.13.11-hotspot\bin\java.dll
0x00007ffde4370000 - 0x00007ffde4447000 	C:\Program Files\Microsoft\jdk-17.0.13.11-hotspot\bin\jsvml.dll
0x00007ffe198d0000 - 0x00007ffe19fd0000 	C:\WINDOWS\System32\SHELL32.dll
0x00007ffe162c0000 - 0x00007ffe16af1000 	C:\WINDOWS\SYSTEM32\windows.storage.dll
0x00007ffe1ad00000 - 0x00007ffe1adda000 	C:\WINDOWS\System32\SHCORE.dll
0x00007ffe1aee0000 - 0x00007ffe1af3d000 	C:\WINDOWS\System32\shlwapi.dll
0x00007ffe184e0000 - 0x00007ffe1850e000 	C:\WINDOWS\SYSTEM32\profapi.dll
0x00007ffdff900000 - 0x00007ffdff918000 	C:\Program Files\Microsoft\jdk-17.0.13.11-hotspot\bin\zip.dll
0x00007ffe02ff0000 - 0x00007ffe0300a000 	C:\Program Files\Microsoft\jdk-17.0.13.11-hotspot\bin\net.dll
0x00007ffe0f4c0000 - 0x00007ffe0f5e6000 	C:\WINDOWS\SYSTEM32\WINHTTP.dll
0x00007ffe178b0000 - 0x00007ffe17918000 	C:\WINDOWS\system32\mswsock.dll
0x00007ffe02a10000 - 0x00007ffe02a26000 	C:\Program Files\Microsoft\jdk-17.0.13.11-hotspot\bin\nio.dll
0x00007ffe075f0000 - 0x00007ffe07600000 	C:\Program Files\Microsoft\jdk-17.0.13.11-hotspot\bin\verify.dll
0x00007ffdfb0f0000 - 0x00007ffdfb117000 	C:\Users\hp\.gradle\native\c067742578af261105cb4f569cf0c3c89f3d7b1fecec35dd04571415982c5e48\windows-amd64\native-platform.dll
0x00007ffde2c90000 - 0x00007ffde2dd4000 	C:\Users\hp\.gradle\native\100fb08df4bc3b14c8652ba06237920a3bd2aa13389f12d3474272988ae205f9\windows-amd64\native-platform-file-events.dll
0x00007ffe06cc0000 - 0x00007ffe06cca000 	C:\Program Files\Microsoft\jdk-17.0.13.11-hotspot\bin\management.dll
0x00007ffe05f50000 - 0x00007ffe05f5b000 	C:\Program Files\Microsoft\jdk-17.0.13.11-hotspot\bin\management_ext.dll
0x00007ffe1aed0000 - 0x00007ffe1aed8000 	C:\WINDOWS\System32\PSAPI.DLL
0x00007ffe17c60000 - 0x00007ffe17c7c000 	C:\WINDOWS\SYSTEM32\CRYPTSP.dll
0x00007ffe17330000 - 0x00007ffe17368000 	C:\WINDOWS\system32\rsaenh.dll
0x00007ffe17950000 - 0x00007ffe1797b000 	C:\WINDOWS\SYSTEM32\USERENV.dll
0x00007ffe17df0000 - 0x00007ffe17e16000 	C:\WINDOWS\SYSTEM32\bcrypt.dll
0x00007ffe17ae0000 - 0x00007ffe17aec000 	C:\WINDOWS\SYSTEM32\CRYPTBASE.dll
0x00007ffe16df0000 - 0x00007ffe16e22000 	C:\WINDOWS\SYSTEM32\IPHLPAPI.DLL
0x00007ffe1a3c0000 - 0x00007ffe1a3ca000 	C:\WINDOWS\System32\NSI.dll
0x00007ffe0f630000 - 0x00007ffe0f64e000 	C:\WINDOWS\SYSTEM32\dhcpcsvc6.DLL
0x00007ffe0eea0000 - 0x00007ffe0eec5000 	C:\WINDOWS\SYSTEM32\dhcpcsvc.DLL
0x00007ffe16e80000 - 0x00007ffe16fa5000 	C:\WINDOWS\SYSTEM32\DNSAPI.dll
0x00007ffe05e00000 - 0x00007ffe05e09000 	C:\Program Files\Microsoft\jdk-17.0.13.11-hotspot\bin\extnet.dll
0x00007ffe10710000 - 0x00007ffe1071e000 	C:\Program Files\Microsoft\jdk-17.0.13.11-hotspot\bin\sunmscapi.dll
0x00007ffe18980000 - 0x00007ffe18af6000 	C:\WINDOWS\System32\CRYPT32.dll
0x00007ffe17db0000 - 0x00007ffe17de0000 	C:\WINDOWS\SYSTEM32\ncrypt.dll
0x00007ffe17d60000 - 0x00007ffe17d9f000 	C:\WINDOWS\SYSTEM32\NTASN1.dll
0x00007ffe0e7d0000 - 0x00007ffe0e7d8000 	C:\WINDOWS\system32\wshunix.dll

dbghelp: loaded successfully - version: 4.0.5 - missing functions: none
symbol engine: initialized successfully - sym options: 0x614 - pdb path: .;C:\Program Files\Microsoft\jdk-17.0.13.11-hotspot\bin;C:\WINDOWS\SYSTEM32;C:\WINDOWS\WinSxS\amd64_microsoft.windows.common-controls_6595b64144ccf1df_6.0.26100.2454_none_3e0b68a2e331ad60;C:\Program Files\Microsoft\jdk-17.0.13.11-hotspot\bin\server;C:\Users\hp\.gradle\native\c067742578af261105cb4f569cf0c3c89f3d7b1fecec35dd04571415982c5e48\windows-amd64;C:\Users\hp\.gradle\native\100fb08df4bc3b14c8652ba06237920a3bd2aa13389f12d3474272988ae205f9\windows-amd64

VM Arguments:
jvm_args: -XX:MaxMetaspaceSize=512m --add-opens=java.base/java.util=ALL-UNNAMED --add-opens=java.base/java.lang=ALL-UNNAMED --add-opens=java.base/java.lang.invoke=ALL-UNNAMED --add-opens=java.prefs/java.util.prefs=ALL-UNNAMED --add-exports=jdk.compiler/com.sun.tools.javac.api=ALL-UNNAMED --add-exports=jdk.compiler/com.sun.tools.javac.util=ALL-UNNAMED --add-opens=java.base/java.nio.charset=ALL-UNNAMED --add-opens=java.base/java.net=ALL-UNNAMED --add-opens=java.base/java.util.concurrent.atomic=ALL-UNNAMED -Xmx2048m -Dfile.encoding=windows-1252 -Duser.country=IN -Duser.language=en -Duser.variant -javaagent:C:\Users\hp\.gradle\wrapper\dists\gradle-8.10.2-all\7iv73wktx1xtkvlq19urqw1wm\gradle-8.10.2\lib\agents\gradle-instrumentation-agent-8.10.2.jar 
java_command: org.gradle.launcher.daemon.bootstrap.GradleDaemon 8.10.2
java_class_path (initial): C:\Users\hp\.gradle\wrapper\dists\gradle-8.10.2-all\7iv73wktx1xtkvlq19urqw1wm\gradle-8.10.2\lib\gradle-daemon-main-8.10.2.jar
Launcher Type: SUN_STANDARD

[Global flags]
     intx CICompilerCount                          = 4                                         {product} {ergonomic}
   size_t CompressedClassSpaceSize                 = 436207616                                 {product} {ergonomic}
     uint ConcGCThreads                            = 2                                         {product} {ergonomic}
     uint G1ConcRefinementThreads                  = 8                                         {product} {ergonomic}
   size_t G1HeapRegionSize                         = 1048576                                   {product} {ergonomic}
    uintx GCDrainStackTargetSize                   = 64                                        {product} {ergonomic}
   size_t InitialHeapSize                          = 132120576                                 {product} {ergonomic}
   size_t MarkStackSize                            = 4194304                                   {product} {ergonomic}
   size_t MaxHeapSize                              = 2147483648                                {product} {command line}
   size_t MaxMetaspaceSize                         = 536870912                                 {product} {command line}
   size_t MaxNewSize                               = 1287651328                                {product} {ergonomic}
   size_t MinHeapDeltaBytes                        = 1048576                                   {product} {ergonomic}
   size_t MinHeapSize                              = 8388608                                   {product} {ergonomic}
    uintx NonNMethodCodeHeapSize                   = 5839372                                {pd product} {ergonomic}
    uintx NonProfiledCodeHeapSize                  = 122909434                              {pd product} {ergonomic}
    uintx ProfiledCodeHeapSize                     = 122909434                              {pd product} {ergonomic}
    uintx ReservedCodeCacheSize                    = 251658240                              {pd product} {ergonomic}
     bool SegmentedCodeCache                       = true                                      {product} {ergonomic}
   size_t SoftMaxHeapSize                          = 2147483648                             {manageable} {ergonomic}
     bool UseCompressedClassPointers               = true                           {product lp64_product} {ergonomic}
     bool UseCompressedOops                        = true                           {product lp64_product} {ergonomic}
     bool UseG1GC                                  = true                                      {product} {ergonomic}
     bool UseLargePagesIndividualAllocation        = false                                  {pd product} {ergonomic}

Logging:
Log output configuration:
 #0: stdout all=warning uptime,level,tags
 #1: stderr all=off uptime,level,tags

Environment Variables:
JAVA_HOME=C:\Program Files\Microsoft\jdk-17.0.13.11-hotspot\
CLASSPATH=D:\checkkr\firstPro\android\\gradle\wrapper\gradle-wrapper.jar
PATH=D:\checkkr\firstPro\node_modules\.bin;D:\checkkr\firstPro\node_modules\.bin;D:\checkkr\node_modules\.bin;D:\node_modules\.bin;C:\Users\hp\AppData\Roaming\npm\node_modules\npm\node_modules\@npmcli\run-script\lib\node-gyp-bin;D:\checkkr\firstPro\node_modules\.bin;D:\checkkr\node_modules\.bin;D:\node_modules\.bin;C:\Users\hp\AppData\Roaming\npm\node_modules\npm\node_modules\@npmcli\run-script\lib\node-gyp-bin;C:\Program Files\Microsoft\jdk-17.0.13.11-hotspot\bin;C:\WINDOWS\system32;C:\WINDOWS;C:\WINDOWS\System32\Wbem;C:\WINDOWS\System32\WindowsPowerShell\v1.0\;C:\WINDOWS\System32\OpenSSH\;C:\ProgramData\chocolatey\bin;C:\Program Files\Git\cmd;%LOCALAPPDATA%\Android\Sdk\platform-tools;C:\Program Files\nodejs\;C:\Users\hp\AppData\Local\Microsoft\WindowsApps;C:\Users\hp\AppData\Local\Programs\Microsoft VS Code\bin;C:\Users\hp\AppData\Roaming\npm
USERNAME=hp
LANG=en_US.UTF-8
OS=Windows_NT
PROCESSOR_IDENTIFIER=Intel64 Family 6 Model 142 Stepping 12, GenuineIntel
TMP=C:\Users\hp\AppData\Local\Temp
TEMP=C:\Users\hp\AppData\Local\Temp



Periodic native trim disabled


---------------  S Y S T E M  ---------------

OS:
 Windows 11 , 64 bit Build 26100 (10.0.26100.2454)
OS uptime: 3 days 23:39 hours
Hyper-V role detected

CPU: total 8 (initial active 8) (4 cores per cpu, 2 threads per core) family 6 model 142 stepping 12 microcode 0xfa, cx8, cmov, fxsr, ht, mmx, 3dnowpref, sse, sse2, sse3, ssse3, sse4.1, sse4.2, popcnt, lzcnt, tsc, tscinvbit, avx, avx2, aes, erms, clmul, bmi1, bmi2, adx, fma, vzeroupper, clflush, clflushopt, hv
Processor Information for the first 8 processors :
  Max Mhz: 1896, Current Mhz: 1596, Mhz Limit: 1592

Memory: 4k page, system-wide physical 7998M (617M free)
TotalPageFile size 17386M (AvailPageFile size 4M)
current process WorkingSet (physical memory assigned to process): 176M, peak: 176M
current process commit charge ("private bytes"): 275M, peak: 276M

vm_info: OpenJDK 64-Bit Server VM (17.0.13+11-LTS) for windows-amd64 JRE (17.0.13+11-LTS), built on Oct 11 2024 23:25:05 by "MicrosoftCorporation" with unknown MS VC++:1939

END.
